Info) VMD for LINUXAMD64, version 1.9.2 (December 29, 2014)
Info) http://www.ks.uiuc.edu/Research/vmd/                         
Info) Email questions and bug reports to vmd@ks.uiuc.edu           
Info) Please include this reference in published work using VMD:   
Info)    Humphrey, W., Dalke, A. and Schulten, K., `VMD - Visual   
Info)    Molecular Dynamics', J. Molec. Graphics 1996, 14.1, 33-38.
Info) -------------------------------------------------------------
Info) Multithreading available, 4 CPUs detected.
Info) Free system memory: 6658MB (89%)
Info) Dynamically loaded 2 plugins in directory:
Info) /home/dnanexus/vmd/plugins/LINUXAMD64/molfile
1.6.2
psfgen) reading topology file /home/dnanexus/BacBuilder/charmm_toppar/top_all27_prot_lipid.inp

psfgen) >>>>>> Combined CHARMM All-Hydrogen Topology File for <<<<<<<<<
psfgen) >>>>>>>>> CHARMM22 Proteins and CHARMM27 Lipids <<<<<<<<<<
psfgen) from
psfgen) >>>>>>>>CHARMM22 All-Hydrogen Topology File for Proteins <<<<<<
psfgen) >>>>>>>>>>>>>>>>>>>>> August 1999 <<<<<<<<<<<<<<<<<<<<<<<<<<<<<
psfgen) >>>>>>> Direct comments to Alexander D. MacKerell Jr. <<<<<<<<<
psfgen) >>>>>> 410-706-7442 or email: alex,mmiris.ab.umd.edu  <<<<<<<<<
psfgen) and
psfgen)   \\\\\\\ CHARMM27 All-Hydrogen Lipid Topology File ///////
psfgen)   \\\\\\\\\\\\\\\\\\ Developmental /////////////////////////
psfgen)               Alexander D. MacKerell Jr.
psfgen)                      August 1999
psfgen)  All comments to ADM jr.  email: alex,mmiris.ab.umd.edu
psfgen)               telephone: 410-706-7442
psfgen) 
psfgen) Created by CHARMM version 27 1
psfgen) aliasing residue ABA to CYS
psfgen) aliasing residue HIS to HSE
psfgen) aliasing residue HOH to TIP3
psfgen) aliasing residue HOH atom O to OH2
psfgen) aliasing residue ILE atom CD1 to CD
psfgen) aliasing residue NLE to MET
psfgen) building segment A
psfgen) reading residues from pdb file chainA.pdb
psfgen) extracted 288 residues from pdb file
psfgen) Info: generating structure...psfgen) Info: skipping improper N-C-CA-HN at beginning of segment.
psfgen) Info: skipping conformation C-N-CA-C at beginning of segment.
psfgen) Info: skipping conformation C-CA-N-HN at beginning of segment.
psfgen) Info: skipping bond C-N at end of segment.
psfgen) Info: skipping improper C-CA-N-O at end of segment.
psfgen) Info: skipping conformation CA-C-N-CA at end of segment.
psfgen) Info: skipping conformation N-CA-C-O at end of segment.
psfgen) Info: skipping conformation N-CA-C-N at end of segment.
segment complete.
psfgen) reading coordinates from pdb file chainA.pdb for segment A
psfgen) Warning: failed to set coordinate for atom O	 ARG:1177	  A
psfgen) Info: guessing coordinates for 2309 atoms (2 non-hydrogen)
psfgen) Warning: failed to guess coordinate due to bad angle CB CG HG
psfgen) Warning: failed to guess coordinate due to bad angle CB CG HG
psfgen) Warning: failed to guess coordinate due to bad angle CB CG HG
psfgen) Warning: failed to guess coordinate due to bad angle CB CG HG
psfgen) Warning: failed to guess coordinate due to bad angle CB CG HG
psfgen) Warning: failed to guess coordinate due to bad angle CB CG HG
psfgen) Warning: failed to guess coordinate due to bad angle CB CG HG
psfgen) Warning: failed to guess coordinate due to bad angle CB CG HG
psfgen) Warning: failed to guess coordinate due to bad angle CD CG HG2
psfgen) Warning: failed to guess coordinate due to bad angle CB CG HG
psfgen) Warning: failed to guess coordinate due to bad angle CB CG HG
psfgen) Warning: failed to guess coordinate due to bad angle CB CG HG
psfgen) Warning: failed to guess coordinate due to bad angle CD CG HG2
psfgen) Warning: failed to guess coordinate due to bad angle CB CG HG
psfgen) Warning: failed to guess coordinate due to bad angle CB CG HG
psfgen) Warning: failed to guess coordinate due to bad angle CB CG HG
psfgen) Warning: failed to guess coordinate due to bad angle CB CG HG
psfgen) Warning: failed to guess coordinate due to bad angle CB CG HG
psfgen) Warning: failed to guess coordinate due to bad angle CB CG HG
psfgen) Warning: failed to guess coordinate due to bad angle CB CG HG
psfgen) Warning: failed to guess coordinate due to bad angle CB CG HG
psfgen) Warning: failed to guess coordinate due to bad angle CB CG HG
psfgen) Warning: failed to guess coordinate due to bad angle CB CG HG
psfgen) Warning: failed to guess coordinate due to bad angle CD CG HG2
psfgen) Warning: failed to guess coordinate due to bad angle CB CG HG
psfgen) Warning: failed to guess coordinate due to bad angle CB CG HG
psfgen) Warning: failed to guess coordinate due to bad angle CB CG HG
psfgen) Warning: failed to guess coordinate due to bad angle CB CG HG
psfgen) Warning: failed to guess coordinate due to bad angle CD CG HG2
psfgen) Warning: failed to guess coordinate due to bad angle CD CG HG2
psfgen) Warning: failed to guess coordinate due to bad angle CB CG HG
psfgen) Warning: failed to guess coordinate due to bad angle CB CG HG
psfgen) Warning: failed to guess coordinate due to bad angle CB CG HG
psfgen) Warning: failed to guess coordinate due to bad angle CB CG HG
psfgen) Warning: failed to guess coordinate due to bad angle CB CG HG
psfgen) Warning: failed to guess coordinate due to bad angle CB CG HG
psfgen) Warning: failed to guess coordinate due to bad angle CB CG HG
psfgen) Warning: failed to guess coordinate due to bad angle CD CG HG2
psfgen) Warning: failed to guess coordinate due to bad angle CD CG HG2
psfgen) Warning: failed to guess coordinate due to bad angle CB CG HG
psfgen) Warning: failed to guess coordinate due to bad angle CB CG HG
psfgen) Warning: failed to guess coordinate due to bad angle CB CG HG
psfgen) Warning: poorly guessed coordinates for 47 atoms (2 non-hydrogen):
psfgen) Warning: poorly guessed coordinate for atom HT1	 THR:890	  A
psfgen) Warning: poorly guessed coordinate for atom HT2	 THR:890	  A
psfgen) Warning: poorly guessed coordinate for atom HT3	 THR:890	  A
psfgen) Warning: poorly guessed coordinate for atom HG	 LEU:897	  A
psfgen) Warning: poorly guessed coordinate for atom HG	 LEU:903	  A
psfgen) Warning: poorly guessed coordinate for atom HG	 LEU:913	  A
psfgen) Warning: poorly guessed coordinate for atom HG	 LEU:932	  A
psfgen) Warning: poorly guessed coordinate for atom HG	 LEU:951	  A
psfgen) Warning: poorly guessed coordinate for atom HG	 LEU:954	  A
psfgen) Warning: poorly guessed coordinate for atom HG	 LEU:974	  A
psfgen) Warning: poorly guessed coordinate for atom HG	 LEU:976	  A
psfgen) Warning: poorly guessed coordinate for atom HG2	 PRO:982	  A
psfgen) Warning: poorly guessed coordinate for atom HG	 LEU:983	  A
psfgen) Warning: poorly guessed coordinate for atom HG	 LEU:986	  A
psfgen) Warning: poorly guessed coordinate for atom HG	 LEU:990	  A
psfgen) Warning: poorly guessed coordinate for atom HG2	 PRO:991	  A
psfgen) Warning: poorly guessed coordinate for atom HG	 LEU:997	  A
psfgen) Warning: poorly guessed coordinate for atom HG	 LEU:1000	  A
psfgen) Warning: poorly guessed coordinate for atom HG	 LEU:1001	  A
psfgen) Warning: poorly guessed coordinate for atom HG	 LEU:1002	  A
psfgen) Warning: poorly guessed coordinate for atom HG	 LEU:1014	  A
psfgen) Warning: poorly guessed coordinate for atom HG	 LEU:1024	  A
psfgen) Warning: poorly guessed coordinate for atom HG	 LEU:1030	  A
psfgen) Warning: poorly guessed coordinate for atom HG	 LEU:1031	  A
psfgen) Warning: poorly guessed coordinate for atom HG	 LEU:1036	  A
psfgen) Warning: poorly guessed coordinate for atom HG	 LEU:1044	  A
psfgen) Warning: poorly guessed coordinate for atom HG2	 PRO:1070	  A
psfgen) Warning: poorly guessed coordinate for atom HG	 LEU:1073	  A
psfgen) Warning: poorly guessed coordinate for atom HG	 LEU:1091	  A
psfgen) Warning: poorly guessed coordinate for atom HG	 LEU:1094	  A
psfgen) Warning: poorly guessed coordinate for atom HG	 LEU:1095	  A
psfgen) Warning: poorly guessed coordinate for atom HG2	 PRO:1104	  A
psfgen) Warning: poorly guessed coordinate for atom HG2	 PRO:1105	  A
psfgen) Warning: poorly guessed coordinate for atom HG	 LEU:1109	  A
psfgen) Warning: poorly guessed coordinate for atom HG	 LEU:1111	  A
psfgen) Warning: poorly guessed coordinate for atom HG	 LEU:1122	  A
psfgen) Warning: poorly guessed coordinate for atom HG	 LEU:1124	  A
psfgen) Warning: poorly guessed coordinate for atom HG	 LEU:1127	  A
psfgen) Warning: poorly guessed coordinate for atom HG	 LEU:1128	  A
psfgen) Warning: poorly guessed coordinate for atom HG	 LEU:1134	  A
psfgen) Warning: poorly guessed coordinate for atom HG2	 PRO:1137	  A
psfgen) Warning: poorly guessed coordinate for atom HG2	 PRO:1141	  A
psfgen) Warning: poorly guessed coordinate for atom HG	 LEU:1147	  A
psfgen) Warning: poorly guessed coordinate for atom HG	 LEU:1165	  A
psfgen) Warning: poorly guessed coordinate for atom HG	 LEU:1169	  A
psfgen) Warning: poorly guessed coordinate for atom OT1	 ARG:1177	  A
psfgen) Warning: poorly guessed coordinate for atom OT2	 ARG:1177	  A
psfgen) Info: writing pdb file tmp_mut.pdb
psfgen) Info: Atoms with guessed coordinates will have occupancy of 0.0.
psfgen) Info: pdb file complete.
psfgen) Info: writing psf file tmp_mut.psf
psfgen) total of 4643 atoms
psfgen) total of 4705 bonds
psfgen) total of 8498 angles
psfgen) total of 12494 dihedrals
psfgen) total of 771 impropers
psfgen) total of 0 cross-terms
psfgen) Info: psf file complete.
A:890 
A:1177 
Info) Using plugin psf for structure file tmp_mut.psf
psfplugin) no cross-terms defined in PSF file.
Info) Analyzing structure ...
Info)    Atoms: 4643
Info)    Bonds: 4705
Info)    Angles: 8498  Dihedrals: 12494  Impropers: 771  Cross-terms: 0
Info)    Bondtypes: 0  Angletypes: 0  Dihedraltypes: 0  Impropertypes: 0
Info)    Residues: 288
Info)    Waters: 0
Info)    Segments: 1
Info)    Fragments: 1   Protein: 1   Nucleic: 0
Info) Using plugin pdb for coordinates from file tmp_mut.pdb
Info) Finished with coordinate file tmp_mut.pdb.
0
Info) Opened coordinate file chainA.pdb for writing.
Info) Finished with coordinate file chainA.pdb.
Info) VMD for LINUXAMD64, version 1.9.2 (December 29, 2014)
Info) Exiting normally.
vmd > 