-I: Adding /home/dnanexus/amber14/dat/leap/prep to search path.
-I: Adding /home/dnanexus/amber14/dat/leap/lib to search path.
-I: Adding /home/dnanexus/amber14/dat/leap/parm to search path.
-I: Adding /home/dnanexus/amber14/dat/leap/cmd to search path.
-s: Ignoring startup file: leaprc
-f: Source leap.in.

Welcome to LEaP!
Sourcing: ./leap.in
----- Source: /home/dnanexus/amber14/dat/leap/cmd/oldff/leaprc.ff99SBildn
----- Source of /home/dnanexus/amber14/dat/leap/cmd/oldff/leaprc.ff99SBildn done
Log file: ./leap.log
log started: Wed Jun 29 17:09:38 2016

Log file: ./leap.log
>> #
>> # ----- leaprc for loading the ff99SB (Hornak & Simmerling) force field
>> #       modified for the "ILDN" changes
>> #
>> #	load atom type hybridizations
>> #
>> addAtomTypes {
>> 	{ "H"   "H" "sp3" }
>> 	{ "HO"  "H" "sp3" }
>> 	{ "HS"  "H" "sp3" }
>> 	{ "H1"  "H" "sp3" }
>> 	{ "H2"  "H" "sp3" }
>> 	{ "H3"  "H" "sp3" }
>> 	{ "H4"  "H" "sp3" }
>> 	{ "H5"  "H" "sp3" }
>> 	{ "HW"  "H" "sp3" }
>> 	{ "HC"  "H" "sp3" }
>> 	{ "HA"  "H" "sp3" }
>> 	{ "HP"  "H" "sp3" }
>> 	{ "OH"  "O" "sp3" }
>> 	{ "OS"  "O" "sp3" }
>> 	{ "O"   "O" "sp2" }
>> 	{ "O2"  "O" "sp2" }
>> 	{ "OW"  "O" "sp3" }
>> 	{ "CT"  "C" "sp3" }
>> 	{ "CH"  "C" "sp3" }
>> 	{ "C2"  "C" "sp3" }
>> 	{ "C3"  "C" "sp3" }
>> 	{ "C"   "C" "sp2" }
>> 	{ "C*"  "C" "sp2" }
>> 	{ "CA"  "C" "sp2" }
>> 	{ "CB"  "C" "sp2" }
>> 	{ "CC"  "C" "sp2" }
>> 	{ "CN"  "C" "sp2" }
>> 	{ "CM"  "C" "sp2" }
>> 	{ "CK"  "C" "sp2" }
>> 	{ "CQ"  "C" "sp2" }
>> 	{ "CD"  "C" "sp2" }
>> 	{ "CE"  "C" "sp2" }
>> 	{ "CF"  "C" "sp2" }
>> 	{ "CP"  "C" "sp2" }
>> 	{ "CI"  "C" "sp2" }
>> 	{ "CJ"  "C" "sp2" }
>> 	{ "CW"  "C" "sp2" }
>> 	{ "CV"  "C" "sp2" }
>> 	{ "CR"  "C" "sp2" }
>> 	{ "CA"  "C" "sp2" }
>> 	{ "CY"  "C" "sp2" }
>> 	{ "C0"  "Ca" "sp3" }
>> 	{ "MG"  "Mg" "sp3" }
>> 	{ "N"   "N" "sp2" }
>> 	{ "NA"  "N" "sp2" }
>> 	{ "N2"  "N" "sp2" }
>> 	{ "N*"  "N" "sp2" }
>> 	{ "NP"  "N" "sp2" }
>> 	{ "NQ"  "N" "sp2" }
>> 	{ "NB"  "N" "sp2" }
>> 	{ "NC"  "N" "sp2" }
>> 	{ "NT"  "N" "sp3" }
>> 	{ "N3"  "N" "sp3" }
>> 	{ "S"   "S" "sp3" }
>> 	{ "SH"  "S" "sp3" }
>> 	{ "P"   "P" "sp3" }
>> 	{ "LP"  ""  "sp3" }
>> 	{ "F"   "F" "sp3" }
>> 	{ "CL"  "Cl" "sp3" }
>> 	{ "BR"  "Br" "sp3" }
>> 	{ "I"   "I"  "sp3" }
>> 	{ "FE"  "Fe" "sp3" }
>> 	{ "EP"  ""  "sp3" }
>> # glycam
>> 	{ "OG"  "O" "sp3" }
>> 	{ "OL"  "O" "sp3" }
>> 	{ "AC"  "C" "sp3" }
>> 	{ "EC"  "C" "sp3" }
>> #ildn
>> 	{ "C3"  "C" "sp3" }
>> 	{ "C4"  "C" "sp3" }
>> 	{ "C5"   "C" "sp2" }
>> 	{ "C6"   "C" "sp2" }
>> 	{ "NP"   "N" "sp2" }
>> 	{ "OM"   "O" "sp2" } # guess!!!
>> }
>> #
>> #	Load the main parameter set.
>> #
>> parm99 = loadamberparams parm99.dat
Loading parameters: /home/dnanexus/amber14/dat/leap/parm/parm99.dat
Loading parameters: /home/dnanexus/amber14/dat/leap/parm/parm99.dat
Reading title:
PARM99 for DNA,RNA,AA, organic molecules, TIP3P wat. Polariz.& LP incl.02/04/99
Reading title:
PARM99 for DNA,RNA,AA, organic molecules, TIP3P wat. Polariz.& LP incl.02/04/99
(UNKNOWN ATOM TYPE: HZ)
(UNKNOWN ATOM TYPE: IM)
(UNKNOWN ATOM TYPE: Li)
(UNKNOWN ATOM TYPE: IP)
(UNKNOWN ATOM TYPE: K)
(UNKNOWN ATOM TYPE: Rb)
(UNKNOWN ATOM TYPE: Cs)
(UNKNOWN ATOM TYPE: Zn)
(UNKNOWN ATOM TYPE: IB)
(UNKNOWN ATOM TYPE: LP)
>> mods = loadamberparams frcmod.ff99SBildn
Loading parameters: /home/dnanexus/amber14/dat/leap/parm/frcmod.ff99SBildn
Loading parameters: /home/dnanexus/amber14/dat/leap/parm/frcmod.ff99SBildn
Reading force field modification type file (frcmod)
Reading force field modification type file (frcmod)
Reading title:
Modification/update of parm99.dat (Hornak & Simmerling) + ILDN corrections
Reading title:
Modification/update of parm99.dat (Hornak & Simmerling) + ILDN corrections
>> #
>> #	Load DNA/RNA libraries
>> #
>> loadOff all_nucleic94.lib
Loading library: /home/dnanexus/amber14/dat/leap/lib/all_nucleic94.lib
Loading library: /home/dnanexus/amber14/dat/leap/lib/all_nucleic94.lib
Loading: DA
Loading: DA3
Loading: DA5
Loading: DAN
Loading: DC
Loading: DC3
Loading: DC5
Loading: DCN
Loading: DG
Loading: DG3
Loading: DG5
Loading: DGN
Loading: DT
Loading: DT3
Loading: DT5
Loading: DTN
Loading: RA
Loading: RA3
Loading: RA5
Loading: RAN
Loading: RC
Loading: RC3
Loading: RC5
Loading: RCN
Loading: RG
Loading: RG3
Loading: RG5
Loading: RGN
Loading: RU
Loading: RU3
Loading: RU5
Loading: RUN
>> #
>> #	Load main chain and terminating 
>> #	amino acid libraries (i.e. ff94 libs)
>> #
>> loadOff all_amino94ildn.lib
Loading library: /home/dnanexus/amber14/dat/leap/lib/all_amino94ildn.lib
Loading library: /home/dnanexus/amber14/dat/leap/lib/all_amino94ildn.lib
Loading: ALA
Loading: ARG
Loading: ASH
Loading: ASN
Loading: ASP
Loading: CYM
Loading: CYS
Loading: CYX
Loading: GLH
Loading: GLN
Loading: GLU
Loading: GLY
Loading: HID
Loading: HIE
Loading: HIP
Loading: ILE
Loading: LEU
Loading: LYN
Loading: LYS
Loading: MET
Loading: PHE
Loading: PRO
Loading: SER
Loading: THR
Loading: TRP
Loading: TYR
Loading: VAL
>> loadOff all_aminoct94ildn.lib
Loading library: /home/dnanexus/amber14/dat/leap/lib/all_aminoct94ildn.lib
Loading library: /home/dnanexus/amber14/dat/leap/lib/all_aminoct94ildn.lib
Loading: CALA
Loading: CARG
Loading: CASN
Loading: CASP
Loading: CCYS
Loading: CCYX
Loading: CGLN
Loading: CGLU
Loading: CGLY
Loading: CHID
Loading: CHIE
Loading: CHIP
Loading: CILE
Loading: CLEU
Loading: CLYS
Loading: CMET
Loading: CPHE
Loading: CPRO
Loading: CSER
Loading: CTHR
Loading: CTRP
Loading: CTYR
Loading: CVAL
Loading: NHE
Loading: NME
>> loadOff all_aminont94ildn.lib
Loading library: /home/dnanexus/amber14/dat/leap/lib/all_aminont94ildn.lib
Loading library: /home/dnanexus/amber14/dat/leap/lib/all_aminont94ildn.lib
Loading: ACE
Loading: NALA
Loading: NARG
Loading: NASN
Loading: NASP
Loading: NCYS
Loading: NCYX
Loading: NGLN
Loading: NGLU
Loading: NGLY
Loading: NHID
Loading: NHIE
Loading: NHIP
Loading: NILE
Loading: NLEU
Loading: NLYS
Loading: NMET
Loading: NPHE
Loading: NPRO
Loading: NSER
Loading: NTHR
Loading: NTRP
Loading: NTYR
Loading: NVAL
>> #
>> #       Load water and ions
>> # 
>> loadOff ions94.lib
Loading library: /home/dnanexus/amber14/dat/leap/lib/ions94.lib
Loading library: /home/dnanexus/amber14/dat/leap/lib/ions94.lib
Loading: CIO
Loading: Cl-
Loading: Cs+
Loading: IB
Loading: K+
Loading: Li+
Loading: MG2
Loading: Na+
Loading: Rb+
>> loadOff solvents.lib
Loading library: /home/dnanexus/amber14/dat/leap/lib/solvents.lib
Loading library: /home/dnanexus/amber14/dat/leap/lib/solvents.lib
Loading: CHCL3BOX
Loading: DC4
Loading: MEOHBOX
Loading: NMABOX
Loading: OPC
Loading: OPCBOX
Loading: PL3
Loading: POL3BOX
Loading: QSPCFWBOX
Loading: SPC
Loading: SPCBOX
Loading: SPCFWBOX
Loading: SPF
Loading: SPG
Loading: T4E
Loading: TIP3PBOX
Loading: TIP3PFBOX
Loading: TIP4PBOX
Loading: TIP4PEWBOX
Loading: TIP5PBOX
Loading: TP3
Loading: TP4
Loading: TP5
Loading: TPF
>> HOH = TP3
>> WAT = TP3
>> 
>> #
>> #	Define the PDB name map for the amino acids and DNA.
>> #
>> addPdbResMap {
>>   { 0 "ALA" "NALA" } { 1 "ALA" "CALA" }
>>   { 0 "ARG" "NARG" } { 1 "ARG" "CARG" }
>>   { 0 "ASN" "NASN" } { 1 "ASN" "CASN" }
>>   { 0 "ASP" "NASP" } { 1 "ASP" "CASP" }
>>   { 0 "CYS" "NCYS" } { 1 "CYS" "CCYS" }
>>   { 0 "CYX" "NCYX" } { 1 "CYX" "CCYX" }
>>   { 0 "GLN" "NGLN" } { 1 "GLN" "CGLN" }
>>   { 0 "GLU" "NGLU" } { 1 "GLU" "CGLU" }
>>   { 0 "GLY" "NGLY" } { 1 "GLY" "CGLY" }
>>   { 0 "HID" "NHID" } { 1 "HID" "CHID" }
>>   { 0 "HIE" "NHIE" } { 1 "HIE" "CHIE" }
>>   { 0 "HIP" "NHIP" } { 1 "HIP" "CHIP" }
>>   { 0 "ILE" "NILE" } { 1 "ILE" "CILE" }
>>   { 0 "LEU" "NLEU" } { 1 "LEU" "CLEU" }
>>   { 0 "LYS" "NLYS" } { 1 "LYS" "CLYS" }
>>   { 0 "MET" "NMET" } { 1 "MET" "CMET" }
>>   { 0 "PHE" "NPHE" } { 1 "PHE" "CPHE" }
>>   { 0 "PRO" "NPRO" } { 1 "PRO" "CPRO" }
>>   { 0 "SER" "NSER" } { 1 "SER" "CSER" }
>>   { 0 "THR" "NTHR" } { 1 "THR" "CTHR" }
>>   { 0 "TRP" "NTRP" } { 1 "TRP" "CTRP" }
>>   { 0 "TYR" "NTYR" } { 1 "TYR" "CTYR" }
>>   { 0 "VAL" "NVAL" } { 1 "VAL" "CVAL" }
>>   { 0 "HIS" "NHIS" } { 1 "HIS" "CHIS" }
>>   { 0 "GUA" "DG5"  } { 1 "GUA" "DG3"  } { "GUA" "DG" }
>>   { 0 "ADE" "DA5"  } { 1 "ADE" "DA3"  } { "ADE" "DA" }
>>   { 0 "CYT" "DC5"  } { 1 "CYT" "DC3"  } { "CYT" "DC" }
>>   { 0 "THY" "DT5"  } { 1 "THY" "DT3"  } { "THY" "DT" }
>>   { 0 "G" "RG5"  } { 1 "G" "RG3"  } { "G" "RG" } { "GN" "RGN" }
>>   { 0 "A" "RA5"  } { 1 "A" "RA3"  } { "A" "RA" } { "AN" "RAN" }
>>   { 0 "C" "RC5"  } { 1 "C" "RC3"  } { "C" "RC" } { "CN" "RCN" }
>>   { 0 "U" "RU5"  } { 1 "U" "RU3"  } { "U" "RU" } { "UN" "RUN" }
>>   { 0 "DG" "DG5"  } { 1 "DG" "DG3"  }  
>>   { 0 "DA" "DA5"  } { 1 "DA" "DA3"  }  
>>   { 0 "DC" "DC5"  } { 1 "DC" "DC3"  }  
>>   { 0 "DT" "DT5"  } { 1 "DT" "DT3"  }
>> 
>> }
>> 
>> addPdbAtomMap {
>>   { "O5*" "O5'" }
>>   { "C5*" "C5'" }
>>   { "C4*" "C4'" }
>>   { "O4*" "O4'" }
>>   { "C3*" "C3'" }
>>   { "O3*" "O3'" }
>>   { "C2*" "C2'" }
>>   { "C1*" "C1'" }
>>   { "C5M" "C7"  }
>>   { "O2*" "O2'" }
>>   { "H1*" "H1'" }
>>   { "H2*1" "H2'1" }
>>   { "H2*2" "H2'2" }
>>   { "H2'"  "H2'1" }
>>   { "H2''" "H2'2" }
>>   { "H3*" "H3'" }
>>   { "H4*" "H4'" }
>>   { "H5*1" "H5'1" }
>>   { "H5*2" "H5'2" }
>>   { "H5'"  "H5'1" }
>>   { "H5''" "H5'2" }
>>   { "HO2'" "HO'2" }
>>   { "HO5'" "H5T" }
>>   { "HO3'" "H3T" }
>>   { "O1'" "O4'" }
>>   { "OA"  "O1P" }
>>   { "OB"  "O2P" }
>>   { "OP1" "O1P" }
>>   { "OP2" "O2P" }
>> }
>> 
>> 
>> #
>> # assumed that most often proteins use HIE
>> #
>> NHIS = NHIE
>> HIS = HIE
>> CHIS = CHIE
> 
> source leaprc.gaff
----- Source: /home/dnanexus/amber14/dat/leap/cmd/leaprc.gaff
----- Source: /home/dnanexus/amber14/dat/leap/cmd/leaprc.gaff
----- Source of /home/dnanexus/amber14/dat/leap/cmd/leaprc.gaff done
----- Source of /home/dnanexus/amber14/dat/leap/cmd/leaprc.gaff done
>> logFile leap.log
Log file: ./leap.log
log started: Wed Jun 29 17:09:38 2016

Log file: ./leap.log
>> #
>> # ----- leaprc for loading the general Amber Force field.
>> #       This file is mostly for use with Antechamber
>> #
>> #	load atom type hybridizations
>> #
>> addAtomTypes {
>> 	{ "h1"  "H" "sp3" }
>> 	{ "h2"  "H" "sp3" }
>> 	{ "h3"  "H" "sp3" }
>> 	{ "h4"  "H" "sp3" }
>> 	{ "h5"  "H" "sp3" }
>> 	{ "ha"  "H" "sp3" }
>> 	{ "hc"  "H" "sp3" }
>> 	{ "hn"  "H" "sp3" }
>> 	{ "ho"  "H" "sp3" }
>> 	{ "hp"  "H" "sp3" }
>> 	{ "hs"  "H" "sp3" }
>> 	{ "hw"  "H" "sp3" }
>> 	{ "hx"  "H" "sp3" }
>> 	{ "o"  "O" "sp2" }
>> 	{ "o2"  "O" "sp2" }
>> 	{ "oh"  "O" "sp3" }
>> 	{ "os"  "O" "sp3" }
>> 	{ "ow"  "O" "sp3" }
>> 	{ "c"  "C" "sp2" }
>> 	{ "c1"  "C" "sp2" }
>> 	{ "c2"  "C" "sp2" }
>> 	{ "c3"  "C" "sp3" }
>> 	{ "ca"  "C" "sp2" }
>> 	{ "cc"  "C" "sp2" }
>> 	{ "cd"  "C" "sp2" }
>> 	{ "ce"  "C" "sp2" }
>> 	{ "cf"  "C" "sp2" }
>> 	{ "cg"  "C" "sp2" }
>> 	{ "ch"  "C" "sp2" }
>> 	{ "cp"  "C" "sp2" }
>> 	{ "cq"  "C" "sp2" }
>> 	{ "cu"  "C" "sp2" }
>> 	{ "cv"  "C" "sp2" }
>> 	{ "cx"  "C" "sp2" }
>> 	{ "cy"  "C" "sp2" }
>> 	{ "cz"  "C" "sp2" }
>> 	{ "n"   "N" "sp2" }
>> 	{ "n1"  "N" "sp2" }
>> 	{ "n2"  "N" "sp2" }
>> 	{ "n3"  "N" "sp3" }
>> 	{ "n4"  "N" "sp3" }
>> 	{ "na"  "N" "sp2" }
>> 	{ "nb"  "N" "sp2" }
>> 	{ "nc"  "N" "sp2" }
>> 	{ "nd"  "N" "sp2" }
>> 	{ "ne"  "N" "sp2" }
>> 	{ "nf"  "N" "sp2" }
>> 	{ "nh"  "N" "sp2" }
>> 	{ "no"  "N" "sp2" }
>> 	{ "s"   "S" "sp2" }
>> 	{ "s2"   "S" "sp2" }
>> 	{ "s3"   "S" "sp3" }
>> 	{ "s4"   "S" "sp3" }
>> 	{ "s6"   "S" "sp3" }
>> 	{ "sh"   "S" "sp3" }
>> 	{ "ss"   "S" "sp3" }
>> 	{ "sx"   "S" "sp3" }
>> 	{ "sy"   "S" "sp3" }
>> 	{ "p2"   "P" "sp2" }
>> 	{ "p3"   "P" "sp3" }
>> 	{ "p4"   "P" "sp3" }
>> 	{ "p5"   "P" "sp3" }
>> 	{ "pb"   "P" "sp3" }
>> 	{ "pc"   "P" "sp3" }
>> 	{ "pd"   "P" "sp3" }
>> 	{ "pe"   "P" "sp3" }
>> 	{ "pf"   "P" "sp3" }
>> 	{ "px"   "P" "sp3" }
>> 	{ "py"   "P" "sp3" }
>> 	{ "f"   "F" "sp3" }
>> 	{ "cl"  "Cl" "sp3" }
>> 	{ "br"  "Br" "sp3" }
>> 	{ "i"   "I"  "sp3" }
>> }
>> #
>> #	Load the general force field parameter set.
>> #
>> gaff = loadamberparams gaff.dat
Loading parameters: /home/dnanexus/amber14/dat/leap/parm/gaff.dat
Loading parameters: /home/dnanexus/amber14/dat/leap/parm/gaff.dat
Reading title:
AMBER General Force Field for organic molecules (Version 1.7, Nov 2013)
Reading title:
AMBER General Force Field for organic molecules (Version 1.7, Nov 2013)
> 
> frcmod = loadamberparams /home/dnanexus/output/system_descriptions/default/drugs_par/egfr/resp/l01/l01.frcmod
Loading parameters: /home/dnanexus/output/system_descriptions/default/drugs_par/egfr/resp/l01/l01.frcmod
Loading parameters: /home/dnanexus/output/system_descriptions/default/drugs_par/egfr/resp/l01/l01.frcmod
Reading force field modification type file (frcmod)
Reading force field modification type file (frcmod)
Reading title:
remark goes here
Reading title:
remark goes here
> loadamberprep /home/dnanexus/output/system_descriptions/default/drugs_par/egfr/resp/l01/l01.prep
Loading Prep file: /home/dnanexus/output/system_descriptions/default/drugs_par/egfr/resp/l01/l01.prep
Loading Prep file: /home/dnanexus/output/system_descriptions/default/drugs_par/egfr/resp/l01/l01.prep
Loaded UNIT: L01
> 
> lig = loadpdb orig_lig.pdb
Loading PDB file: ./orig_lig.pdb
Loading PDB file: ./orig_lig.pdb
Enter zPdbReadScan from call depth  0.
Exit  zPdbReadScan from call depth  0.
Matching PDB residue names to LEaP variables.
(Residue 0: L01, Terminal/last, was not found in name map.)
  total atoms in file: 32
  total atoms in file: 32
> savepdb lig lig.pdb
Writing pdb file: lig.pdb
Writing pdb file: lig.pdb
> rec = loadpdb orig_rec.pdb
Loading PDB file: ./orig_rec.pdb
Loading PDB file: ./orig_rec.pdb
Enter zPdbReadScan from call depth  0.
Exit  zPdbReadScan from call depth  0.
Matching PDB residue names to LEaP variables.
Mapped residue THR, term: Terminal/beginning, seq. number: 0 to: NTHR.
(Residue 1: VAL, Nonterminal, was not found in name map.)
(Residue 2: PHE, Nonterminal, was not found in name map.)
(Residue 3: HIS, Nonterminal, was not found in name map.)
(Residue 4: LYS, Nonterminal, was not found in name map.)
(Residue 5: ARG, Nonterminal, was not found in name map.)
(Residue 6: TYR, Nonterminal, was not found in name map.)
(Residue 7: LEU, Nonterminal, was not found in name map.)
(Residue 8: LYS, Nonterminal, was not found in name map.)
(Residue 9: LYS, Nonterminal, was not found in name map.)
(Residue 10: ILE, Nonterminal, was not found in name map.)
(Residue 11: ARG, Nonterminal, was not found in name map.)
(Residue 12: ASP, Nonterminal, was not found in name map.)
(Residue 13: LEU, Nonterminal, was not found in name map.)
(Residue 14: GLY, Nonterminal, was not found in name map.)
(Residue 15: GLU, Nonterminal, was not found in name map.)
(Residue 16: GLY, Nonterminal, was not found in name map.)
(Residue 17: HIS, Nonterminal, was not found in name map.)
(Residue 18: PHE, Nonterminal, was not found in name map.)
(Residue 19: GLY, Nonterminal, was not found in name map.)
(Residue 20: LYS, Nonterminal, was not found in name map.)
(Residue 21: VAL, Nonterminal, was not found in name map.)
(Residue 22: SER, Nonterminal, was not found in name map.)
(Residue 23: LEU, Nonterminal, was not found in name map.)
(Residue 24: TYR, Nonterminal, was not found in name map.)
(Residue 25: CYS, Nonterminal, was not found in name map.)
(Residue 26: TYR, Nonterminal, was not found in name map.)
(Residue 27: ASP, Nonterminal, was not found in name map.)
(Residue 28: PRO, Nonterminal, was not found in name map.)
(Residue 29: THR, Nonterminal, was not found in name map.)
(Residue 30: ASN, Nonterminal, was not found in name map.)
(Residue 31: ASP, Nonterminal, was not found in name map.)
(Residue 32: GLY, Nonterminal, was not found in name map.)
(Residue 33: THR, Nonterminal, was not found in name map.)
(Residue 34: GLY, Nonterminal, was not found in name map.)
(Residue 35: GLU, Nonterminal, was not found in name map.)
(Residue 36: MET, Nonterminal, was not found in name map.)
(Residue 37: VAL, Nonterminal, was not found in name map.)
(Residue 38: ALA, Nonterminal, was not found in name map.)
(Residue 39: VAL, Nonterminal, was not found in name map.)
(Residue 40: LYS, Nonterminal, was not found in name map.)
(Residue 41: ALA, Nonterminal, was not found in name map.)
(Residue 42: LEU, Nonterminal, was not found in name map.)
(Residue 43: LYS, Nonterminal, was not found in name map.)
(Residue 44: ALA, Nonterminal, was not found in name map.)
(Residue 45: ASP, Nonterminal, was not found in name map.)
(Residue 46: ALA, Nonterminal, was not found in name map.)
(Residue 47: GLY, Nonterminal, was not found in name map.)
(Residue 48: PRO, Nonterminal, was not found in name map.)
(Residue 49: GLN, Nonterminal, was not found in name map.)
(Residue 50: HIS, Nonterminal, was not found in name map.)
(Residue 51: ARG, Nonterminal, was not found in name map.)
(Residue 52: SER, Nonterminal, was not found in name map.)
(Residue 53: GLY, Nonterminal, was not found in name map.)
(Residue 54: TRP, Nonterminal, was not found in name map.)
(Residue 55: LYS, Nonterminal, was not found in name map.)
(Residue 56: GLN, Nonterminal, was not found in name map.)
(Residue 57: GLU, Nonterminal, was not found in name map.)
(Residue 58: ILE, Nonterminal, was not found in name map.)
(Residue 59: ASP, Nonterminal, was not found in name map.)
(Residue 60: ILE, Nonterminal, was not found in name map.)
(Residue 61: LEU, Nonterminal, was not found in name map.)
(Residue 62: ARG, Nonterminal, was not found in name map.)
(Residue 63: THR, Nonterminal, was not found in name map.)
(Residue 64: LEU, Nonterminal, was not found in name map.)
(Residue 65: TYR, Nonterminal, was not found in name map.)
(Residue 66: HIS, Nonterminal, was not found in name map.)
(Residue 67: GLU, Nonterminal, was not found in name map.)
(Residue 68: HIS, Nonterminal, was not found in name map.)
(Residue 69: ILE, Nonterminal, was not found in name map.)
(Residue 70: ILE, Nonterminal, was not found in name map.)
(Residue 71: LYS, Nonterminal, was not found in name map.)
(Residue 72: TYR, Nonterminal, was not found in name map.)
(Residue 73: LYS, Nonterminal, was not found in name map.)
(Residue 74: GLY, Nonterminal, was not found in name map.)
(Residue 75: CYS, Nonterminal, was not found in name map.)
(Residue 76: CYS, Nonterminal, was not found in name map.)
(Residue 77: GLU, Nonterminal, was not found in name map.)
(Residue 78: ASP, Nonterminal, was not found in name map.)
(Residue 79: ALA, Nonterminal, was not found in name map.)
(Residue 80: GLY, Nonterminal, was not found in name map.)
(Residue 81: ALA, Nonterminal, was not found in name map.)
(Residue 82: ALA, Nonterminal, was not found in name map.)
(Residue 83: SER, Nonterminal, was not found in name map.)
(Residue 84: LEU, Nonterminal, was not found in name map.)
(Residue 85: GLN, Nonterminal, was not found in name map.)
(Residue 86: LEU, Nonterminal, was not found in name map.)
(Residue 87: VAL, Nonterminal, was not found in name map.)
(Residue 88: MET, Nonterminal, was not found in name map.)
(Residue 89: GLU, Nonterminal, was not found in name map.)
(Residue 90: TYR, Nonterminal, was not found in name map.)
(Residue 91: VAL, Nonterminal, was not found in name map.)
(Residue 92: PRO, Nonterminal, was not found in name map.)
(Residue 93: LEU, Nonterminal, was not found in name map.)
(Residue 94: GLY, Nonterminal, was not found in name map.)
(Residue 95: SER, Nonterminal, was not found in name map.)
(Residue 96: LEU, Nonterminal, was not found in name map.)
(Residue 97: ARG, Nonterminal, was not found in name map.)
(Residue 98: ASP, Nonterminal, was not found in name map.)
(Residue 99: TYR, Nonterminal, was not found in name map.)
(Residue 100: LEU, Nonterminal, was not found in name map.)
(Residue 101: PRO, Nonterminal, was not found in name map.)
(Residue 102: ARG, Nonterminal, was not found in name map.)
(Residue 103: HIS, Nonterminal, was not found in name map.)
(Residue 104: SER, Nonterminal, was not found in name map.)
(Residue 105: ILE, Nonterminal, was not found in name map.)
(Residue 106: GLY, Nonterminal, was not found in name map.)
(Residue 107: LEU, Nonterminal, was not found in name map.)
(Residue 108: ALA, Nonterminal, was not found in name map.)
(Residue 109: GLN, Nonterminal, was not found in name map.)
(Residue 110: LEU, Nonterminal, was not found in name map.)
(Residue 111: LEU, Nonterminal, was not found in name map.)
(Residue 112: LEU, Nonterminal, was not found in name map.)
(Residue 113: PHE, Nonterminal, was not found in name map.)
(Residue 114: ALA, Nonterminal, was not found in name map.)
(Residue 115: GLN, Nonterminal, was not found in name map.)
(Residue 116: GLN, Nonterminal, was not found in name map.)
(Residue 117: ILE, Nonterminal, was not found in name map.)
(Residue 118: CYS, Nonterminal, was not found in name map.)
(Residue 119: GLU, Nonterminal, was not found in name map.)
(Residue 120: GLY, Nonterminal, was not found in name map.)
(Residue 121: MET, Nonterminal, was not found in name map.)
(Residue 122: ALA, Nonterminal, was not found in name map.)
(Residue 123: TYR, Nonterminal, was not found in name map.)
(Residue 124: LEU, Nonterminal, was not found in name map.)
(Residue 125: HIS, Nonterminal, was not found in name map.)
(Residue 126: ALA, Nonterminal, was not found in name map.)
(Residue 127: GLN, Nonterminal, was not found in name map.)
(Residue 128: HIS, Nonterminal, was not found in name map.)
(Residue 129: TYR, Nonterminal, was not found in name map.)
(Residue 130: ILE, Nonterminal, was not found in name map.)
(Residue 131: HIS, Nonterminal, was not found in name map.)
(Residue 132: ARG, Nonterminal, was not found in name map.)
(Residue 133: ASN, Nonterminal, was not found in name map.)
(Residue 134: LEU, Nonterminal, was not found in name map.)
(Residue 135: ALA, Nonterminal, was not found in name map.)
(Residue 136: ALA, Nonterminal, was not found in name map.)
(Residue 137: ARG, Nonterminal, was not found in name map.)
(Residue 138: ASN, Nonterminal, was not found in name map.)
(Residue 139: VAL, Nonterminal, was not found in name map.)
(Residue 140: LEU, Nonterminal, was not found in name map.)
(Residue 141: LEU, Nonterminal, was not found in name map.)
(Residue 142: ASP, Nonterminal, was not found in name map.)
(Residue 143: ASN, Nonterminal, was not found in name map.)
(Residue 144: ASP, Nonterminal, was not found in name map.)
(Residue 145: ARG, Nonterminal, was not found in name map.)
(Residue 146: LEU, Nonterminal, was not found in name map.)
(Residue 147: VAL, Nonterminal, was not found in name map.)
(Residue 148: LYS, Nonterminal, was not found in name map.)
(Residue 149: ILE, Nonterminal, was not found in name map.)
(Residue 150: GLY, Nonterminal, was not found in name map.)
(Residue 151: ASP, Nonterminal, was not found in name map.)
(Residue 152: PHE, Nonterminal, was not found in name map.)
(Residue 153: GLY, Nonterminal, was not found in name map.)
(Residue 154: LEU, Nonterminal, was not found in name map.)
(Residue 155: ALA, Nonterminal, was not found in name map.)
(Residue 156: LYS, Nonterminal, was not found in name map.)
(Residue 157: ALA, Nonterminal, was not found in name map.)
(Residue 158: VAL, Nonterminal, was not found in name map.)
(Residue 159: PRO, Nonterminal, was not found in name map.)
(Residue 160: GLU, Nonterminal, was not found in name map.)
(Residue 161: GLY, Nonterminal, was not found in name map.)
(Residue 162: HIS, Nonterminal, was not found in name map.)
(Residue 163: GLU, Nonterminal, was not found in name map.)
(Residue 164: TYR, Nonterminal, was not found in name map.)
(Residue 165: TYR, Nonterminal, was not found in name map.)
(Residue 166: ARG, Nonterminal, was not found in name map.)
(Residue 167: VAL, Nonterminal, was not found in name map.)
(Residue 168: ARG, Nonterminal, was not found in name map.)
(Residue 169: GLU, Nonterminal, was not found in name map.)
(Residue 170: ASP, Nonterminal, was not found in name map.)
(Residue 171: GLY, Nonterminal, was not found in name map.)
(Residue 172: ASP, Nonterminal, was not found in name map.)
(Residue 173: SER, Nonterminal, was not found in name map.)
(Residue 174: PRO, Nonterminal, was not found in name map.)
(Residue 175: VAL, Nonterminal, was not found in name map.)
(Residue 176: PHE, Nonterminal, was not found in name map.)
(Residue 177: TRP, Nonterminal, was not found in name map.)
(Residue 178: TYR, Nonterminal, was not found in name map.)
(Residue 179: ALA, Nonterminal, was not found in name map.)
(Residue 180: PRO, Nonterminal, was not found in name map.)
(Residue 181: GLU, Nonterminal, was not found in name map.)
(Residue 182: CYS, Nonterminal, was not found in name map.)
(Residue 183: LEU, Nonterminal, was not found in name map.)
(Residue 184: LYS, Nonterminal, was not found in name map.)
(Residue 185: GLU, Nonterminal, was not found in name map.)
(Residue 186: TYR, Nonterminal, was not found in name map.)
(Residue 187: LYS, Nonterminal, was not found in name map.)
(Residue 188: PHE, Nonterminal, was not found in name map.)
(Residue 189: TYR, Nonterminal, was not found in name map.)
(Residue 190: TYR, Nonterminal, was not found in name map.)
(Residue 191: ALA, Nonterminal, was not found in name map.)
(Residue 192: SER, Nonterminal, was not found in name map.)
(Residue 193: ASP, Nonterminal, was not found in name map.)
(Residue 194: VAL, Nonterminal, was not found in name map.)
(Residue 195: TRP, Nonterminal, was not found in name map.)
(Residue 196: SER, Nonterminal, was not found in name map.)
(Residue 197: PHE, Nonterminal, was not found in name map.)
(Residue 198: GLY, Nonterminal, was not found in name map.)
(Residue 199: VAL, Nonterminal, was not found in name map.)
(Residue 200: THR, Nonterminal, was not found in name map.)
(Residue 201: LEU, Nonterminal, was not found in name map.)
(Residue 202: TYR, Nonterminal, was not found in name map.)
(Residue 203: GLU, Nonterminal, was not found in name map.)
(Residue 204: LEU, Nonterminal, was not found in name map.)
(Residue 205: LEU, Nonterminal, was not found in name map.)
(Residue 206: THR, Nonterminal, was not found in name map.)
(Residue 207: HIS, Nonterminal, was not found in name map.)
(Residue 208: CYS, Nonterminal, was not found in name map.)
(Residue 209: ASP, Nonterminal, was not found in name map.)
(Residue 210: SER, Nonterminal, was not found in name map.)
(Residue 211: SER, Nonterminal, was not found in name map.)
(Residue 212: GLN, Nonterminal, was not found in name map.)
(Residue 213: SER, Nonterminal, was not found in name map.)
(Residue 214: PRO, Nonterminal, was not found in name map.)
(Residue 215: PRO, Nonterminal, was not found in name map.)
(Residue 216: THR, Nonterminal, was not found in name map.)
(Residue 217: LYS, Nonterminal, was not found in name map.)
(Residue 218: PHE, Nonterminal, was not found in name map.)
(Residue 219: LEU, Nonterminal, was not found in name map.)
(Residue 220: GLU, Nonterminal, was not found in name map.)
(Residue 221: LEU, Nonterminal, was not found in name map.)
(Residue 222: ILE, Nonterminal, was not found in name map.)
(Residue 223: GLY, Nonterminal, was not found in name map.)
(Residue 224: ILE, Nonterminal, was not found in name map.)
(Residue 225: ALA, Nonterminal, was not found in name map.)
(Residue 226: GLN, Nonterminal, was not found in name map.)
(Residue 227: GLY, Nonterminal, was not found in name map.)
(Residue 228: GLN, Nonterminal, was not found in name map.)
(Residue 229: MET, Nonterminal, was not found in name map.)
(Residue 230: THR, Nonterminal, was not found in name map.)
(Residue 231: VAL, Nonterminal, was not found in name map.)
(Residue 232: LEU, Nonterminal, was not found in name map.)
(Residue 233: ARG, Nonterminal, was not found in name map.)
(Residue 234: LEU, Nonterminal, was not found in name map.)
(Residue 235: THR, Nonterminal, was not found in name map.)
(Residue 236: GLU, Nonterminal, was not found in name map.)
(Residue 237: LEU, Nonterminal, was not found in name map.)
(Residue 238: LEU, Nonterminal, was not found in name map.)
(Residue 239: GLU, Nonterminal, was not found in name map.)
(Residue 240: ARG, Nonterminal, was not found in name map.)
(Residue 241: GLY, Nonterminal, was not found in name map.)
(Residue 242: GLU, Nonterminal, was not found in name map.)
(Residue 243: ARG, Nonterminal, was not found in name map.)
(Residue 244: LEU, Nonterminal, was not found in name map.)
(Residue 245: PRO, Nonterminal, was not found in name map.)
(Residue 246: ARG, Nonterminal, was not found in name map.)
(Residue 247: PRO, Nonterminal, was not found in name map.)
(Residue 248: ASP, Nonterminal, was not found in name map.)
(Residue 249: LYS, Nonterminal, was not found in name map.)
(Residue 250: CYS, Nonterminal, was not found in name map.)
(Residue 251: PRO, Nonterminal, was not found in name map.)
(Residue 252: ALA, Nonterminal, was not found in name map.)
(Residue 253: GLU, Nonterminal, was not found in name map.)
(Residue 254: VAL, Nonterminal, was not found in name map.)
(Residue 255: TYR, Nonterminal, was not found in name map.)
(Residue 256: HIS, Nonterminal, was not found in name map.)
(Residue 257: LEU, Nonterminal, was not found in name map.)
(Residue 258: MET, Nonterminal, was not found in name map.)
(Residue 259: LYS, Nonterminal, was not found in name map.)
(Residue 260: ASN, Nonterminal, was not found in name map.)
(Residue 261: CYS, Nonterminal, was not found in name map.)
(Residue 262: TRP, Nonterminal, was not found in name map.)
(Residue 263: GLU, Nonterminal, was not found in name map.)
(Residue 264: THR, Nonterminal, was not found in name map.)
(Residue 265: GLU, Nonterminal, was not found in name map.)
(Residue 266: ALA, Nonterminal, was not found in name map.)
(Residue 267: SER, Nonterminal, was not found in name map.)
(Residue 268: PHE, Nonterminal, was not found in name map.)
(Residue 269: ARG, Nonterminal, was not found in name map.)
(Residue 270: PRO, Nonterminal, was not found in name map.)
(Residue 271: THR, Nonterminal, was not found in name map.)
(Residue 272: PHE, Nonterminal, was not found in name map.)
(Residue 273: GLU, Nonterminal, was not found in name map.)
(Residue 274: ASN, Nonterminal, was not found in name map.)
(Residue 275: LEU, Nonterminal, was not found in name map.)
(Residue 276: ILE, Nonterminal, was not found in name map.)
(Residue 277: PRO, Nonterminal, was not found in name map.)
(Residue 278: ILE, Nonterminal, was not found in name map.)
(Residue 279: LEU, Nonterminal, was not found in name map.)
(Residue 280: LYS, Nonterminal, was not found in name map.)
(Residue 281: THR, Nonterminal, was not found in name map.)
(Residue 282: VAL, Nonterminal, was not found in name map.)
(Residue 283: HIS, Nonterminal, was not found in name map.)
(Residue 284: GLU, Nonterminal, was not found in name map.)
(Residue 285: LYS, Nonterminal, was not found in name map.)
(Residue 286: TYR, Nonterminal, was not found in name map.)
Mapped residue ARG, term: Terminal/last, seq. number: 287 to: CARG.
Joining NTHR - VAL
Joining VAL - PHE
Joining PHE - HIE
Joining HIE - LYS
Joining LYS - ARG
Joining ARG - TYR
Joining TYR - LEU
Joining LEU - LYS
Joining LYS - LYS
Joining LYS - ILE
Joining ILE - ARG
Joining ARG - ASP
Joining ASP - LEU
Joining LEU - GLY
Joining GLY - GLU
Joining GLU - GLY
Joining GLY - HIE
Joining HIE - PHE
Joining PHE - GLY
Joining GLY - LYS
Joining LYS - VAL
Joining VAL - SER
Joining SER - LEU
Joining LEU - TYR
Joining TYR - CYS
Joining CYS - TYR
Joining TYR - ASP
Joining ASP - PRO
Joining PRO - THR
Joining THR - ASN
Joining ASN - ASP
Joining ASP - GLY
Joining GLY - THR
Joining THR - GLY
Joining GLY - GLU
Joining GLU - MET
Joining MET - VAL
Joining VAL - ALA
Joining ALA - VAL
Joining VAL - LYS
Joining LYS - ALA
Joining ALA - LEU
Joining LEU - LYS
Joining LYS - ALA
Joining ALA - ASP
Joining ASP - ALA
Joining ALA - GLY
Joining GLY - PRO
Joining PRO - GLN
Joining GLN - HIE
Joining HIE - ARG
Joining ARG - SER
Joining SER - GLY
Joining GLY - TRP
Joining TRP - LYS
Joining LYS - GLN
Joining GLN - GLU
Joining GLU - ILE
Joining ILE - ASP
Joining ASP - ILE
Joining ILE - LEU
Joining LEU - ARG
Joining ARG - THR
Joining THR - LEU
Joining LEU - TYR
Joining TYR - HIE
Joining HIE - GLU
Joining GLU - HIE
Joining HIE - ILE
Joining ILE - ILE
Joining ILE - LYS
Joining LYS - TYR
Joining TYR - LYS
Joining LYS - GLY
Joining GLY - CYS
Joining CYS - CYS
Joining CYS - GLU
Joining GLU - ASP
Joining ASP - ALA
Joining ALA - GLY
Joining GLY - ALA
Joining ALA - ALA
Joining ALA - SER
Joining SER - LEU
Joining LEU - GLN
Joining GLN - LEU
Joining LEU - VAL
Joining VAL - MET
Joining MET - GLU
Joining GLU - TYR
Joining TYR - VAL
Joining VAL - PRO
Joining PRO - LEU
Joining LEU - GLY
Joining GLY - SER
Joining SER - LEU
Joining LEU - ARG
Joining ARG - ASP
Joining ASP - TYR
Joining TYR - LEU
Joining LEU - PRO
Joining PRO - ARG
Joining ARG - HIE
Joining HIE - SER
Joining SER - ILE
Joining ILE - GLY
Joining GLY - LEU
Joining LEU - ALA
Joining ALA - GLN
Joining GLN - LEU
Joining LEU - LEU
Joining LEU - LEU
Joining LEU - PHE
Joining PHE - ALA
Joining ALA - GLN
Joining GLN - GLN
Joining GLN - ILE
Joining ILE - CYS
Joining CYS - GLU
Joining GLU - GLY
Joining GLY - MET
Joining MET - ALA
Joining ALA - TYR
Joining TYR - LEU
Joining LEU - HIE
Joining HIE - ALA
Joining ALA - GLN
Joining GLN - HIE
Joining HIE - TYR
Joining TYR - ILE
Joining ILE - HIE
Joining HIE - ARG
Joining ARG - ASN
Joining ASN - LEU
Joining LEU - ALA
Joining ALA - ALA
Joining ALA - ARG
Joining ARG - ASN
Joining ASN - VAL
Joining VAL - LEU
Joining LEU - LEU
Joining LEU - ASP
Joining ASP - ASN
Joining ASN - ASP
Joining ASP - ARG
Joining ARG - LEU
Joining LEU - VAL
Joining VAL - LYS
Joining LYS - ILE
Joining ILE - GLY
Joining GLY - ASP
Joining ASP - PHE
Joining PHE - GLY
Joining GLY - LEU
Joining LEU - ALA
Joining ALA - LYS
Joining LYS - ALA
Joining ALA - VAL
Joining VAL - PRO
Joining PRO - GLU
Joining GLU - GLY
Joining GLY - HIE
Joining HIE - GLU
Joining GLU - TYR
Joining TYR - TYR
Joining TYR - ARG
Joining ARG - VAL
Joining VAL - ARG
Joining ARG - GLU
Joining GLU - ASP
Joining ASP - GLY
Joining GLY - ASP
Joining ASP - SER
Joining SER - PRO
Joining PRO - VAL
Joining VAL - PHE
Joining PHE - TRP
Joining TRP - TYR
Joining TYR - ALA
Joining ALA - PRO
Joining PRO - GLU
Joining GLU - CYS
Joining CYS - LEU
Joining LEU - LYS
Joining LYS - GLU
Joining GLU - TYR
Joining TYR - LYS
Joining LYS - PHE
Joining PHE - TYR
Joining TYR - TYR
Joining TYR - ALA
Joining ALA - SER
Joining SER - ASP
Joining ASP - VAL
Joining VAL - TRP
Joining TRP - SER
Joining SER - PHE
Joining PHE - GLY
Joining GLY - VAL
Joining VAL - THR
Joining THR - LEU
Joining LEU - TYR
Joining TYR - GLU
Joining GLU - LEU
Joining LEU - LEU
Joining LEU - THR
Joining THR - HIE
Joining HIE - CYS
Joining CYS - ASP
Joining ASP - SER
Joining SER - SER
Joining SER - GLN
Joining GLN - SER
Joining SER - PRO
Joining PRO - PRO
Joining PRO - THR
Joining THR - LYS
Joining LYS - PHE
Joining PHE - LEU
Joining LEU - GLU
Joining GLU - LEU
Joining LEU - ILE
Joining ILE - GLY
Joining GLY - ILE
Joining ILE - ALA
Joining ALA - GLN
Joining GLN - GLY
Joining GLY - GLN
Joining GLN - MET
Joining MET - THR
Joining THR - VAL
Joining VAL - LEU
Joining LEU - ARG
Joining ARG - LEU
Joining LEU - THR
Joining THR - GLU
Joining GLU - LEU
Joining LEU - LEU
Joining LEU - GLU
Joining GLU - ARG
Joining ARG - GLY
Joining GLY - GLU
Joining GLU - ARG
Joining ARG - LEU
Joining LEU - PRO
Joining PRO - ARG
Joining ARG - PRO
Joining PRO - ASP
Joining ASP - LYS
Joining LYS - CYS
Joining CYS - PRO
Joining PRO - ALA
Joining ALA - GLU
Joining GLU - VAL
Joining VAL - TYR
Joining TYR - HIE
Joining HIE - LEU
Joining LEU - MET
Joining MET - LYS
Joining LYS - ASN
Joining ASN - CYS
Joining CYS - TRP
Joining TRP - GLU
Joining GLU - THR
Joining THR - GLU
Joining GLU - ALA
Joining ALA - SER
Joining SER - PHE
Joining PHE - ARG
Joining ARG - PRO
Joining PRO - THR
Joining THR - PHE
Joining PHE - GLU
Joining GLU - ASN
Joining ASN - LEU
Joining LEU - ILE
Joining ILE - PRO
Joining PRO - ILE
Joining ILE - LEU
Joining LEU - LYS
Joining LYS - THR
Joining THR - VAL
Joining VAL - HIE
Joining HIE - GLU
Joining GLU - LYS
Joining LYS - TYR
Joining TYR - CARG
  Added missing heavy atom: .R<CARG 1177>.A<O 24>
  Added missing heavy atom: .R<CARG 1177>.A<O 24>
  Added missing heavy atom: .R<CARG 1177>.A<OXT 25>
  Added missing heavy atom: .R<CARG 1177>.A<OXT 25>
  total atoms in file: 2334
  total atoms in file: 2334
  Leap added 2309 missing atoms according to residue templates:
  Leap added 2309 missing atoms according to residue templates:
       2 Heavy
       2 Heavy
       2307 H / lone pairs
       2307 H / lone pairs
> savepdb rec rec.pdb
Writing pdb file: rec.pdb
Writing pdb file: rec.pdb
 Converting N-terminal residue name to PDB format: NTHR -> THR
 Converting N-terminal residue name to PDB format: NTHR -> THR
 Converting C-terminal residue name to PDB format: CARG -> ARG
 Converting C-terminal residue name to PDB format: CARG -> ARG
> com = combine{rec lig}
  Sequence: default_name
  Sequence: default_name
> savepdb com com.pdb
Writing pdb file: com.pdb
Writing pdb file: com.pdb
 Converting N-terminal residue name to PDB format: NTHR -> THR
 Converting N-terminal residue name to PDB format: NTHR -> THR
 Converting C-terminal residue name to PDB format: CARG -> ARG
 Converting C-terminal residue name to PDB format: CARG -> ARG
> sol = loadpdb solvent.pdb
Loading PDB file: ./solvent.pdb
Loading PDB file: ./solvent.pdb
Enter zPdbReadScan from call depth  0.
Exit  zPdbReadScan from call depth  0.
Matching PDB residue names to LEaP variables.
(Residue 0: HOH, Terminal/beginning, was not found in name map.)
(Residue 1: HOH, Nonterminal, was not found in name map.)
(Residue 2: HOH, Nonterminal, was not found in name map.)
(Residue 3: HOH, Nonterminal, was not found in name map.)
(Residue 4: HOH, Nonterminal, was not found in name map.)
(Residue 5: HOH, Nonterminal, was not found in name map.)
(Residue 6: HOH, Nonterminal, was not found in name map.)
(Residue 7: HOH, Nonterminal, was not found in name map.)
(Residue 8: HOH, Nonterminal, was not found in name map.)
(Residue 9: HOH, Nonterminal, was not found in name map.)
(Residue 10: HOH, Nonterminal, was not found in name map.)
(Residue 11: HOH, Nonterminal, was not found in name map.)
(Residue 12: HOH, Nonterminal, was not found in name map.)
(Residue 13: HOH, Nonterminal, was not found in name map.)
(Residue 14: HOH, Nonterminal, was not found in name map.)
(Residue 15: HOH, Nonterminal, was not found in name map.)
(Residue 16: HOH, Nonterminal, was not found in name map.)
(Residue 17: HOH, Nonterminal, was not found in name map.)
(Residue 18: HOH, Nonterminal, was not found in name map.)
(Residue 19: HOH, Nonterminal, was not found in name map.)
(Residue 20: HOH, Nonterminal, was not found in name map.)
(Residue 21: HOH, Nonterminal, was not found in name map.)
(Residue 22: HOH, Nonterminal, was not found in name map.)
(Residue 23: HOH, Nonterminal, was not found in name map.)
(Residue 24: HOH, Nonterminal, was not found in name map.)
(Residue 25: HOH, Nonterminal, was not found in name map.)
(Residue 26: HOH, Nonterminal, was not found in name map.)
(Residue 27: HOH, Nonterminal, was not found in name map.)
(Residue 28: HOH, Nonterminal, was not found in name map.)
(Residue 29: HOH, Nonterminal, was not found in name map.)
(Residue 30: HOH, Nonterminal, was not found in name map.)
(Residue 31: HOH, Nonterminal, was not found in name map.)
(Residue 32: HOH, Nonterminal, was not found in name map.)
(Residue 33: HOH, Nonterminal, was not found in name map.)
(Residue 34: HOH, Nonterminal, was not found in name map.)
(Residue 35: HOH, Nonterminal, was not found in name map.)
(Residue 36: HOH, Nonterminal, was not found in name map.)
(Residue 37: HOH, Nonterminal, was not found in name map.)
(Residue 38: HOH, Nonterminal, was not found in name map.)
(Residue 39: HOH, Nonterminal, was not found in name map.)
(Residue 40: HOH, Nonterminal, was not found in name map.)
(Residue 41: HOH, Nonterminal, was not found in name map.)
(Residue 42: HOH, Nonterminal, was not found in name map.)
(Residue 43: HOH, Nonterminal, was not found in name map.)
(Residue 44: HOH, Nonterminal, was not found in name map.)
(Residue 45: HOH, Nonterminal, was not found in name map.)
(Residue 46: HOH, Nonterminal, was not found in name map.)
(Residue 47: HOH, Nonterminal, was not found in name map.)
(Residue 48: HOH, Nonterminal, was not found in name map.)
(Residue 49: HOH, Nonterminal, was not found in name map.)
(Residue 50: HOH, Nonterminal, was not found in name map.)
(Residue 51: HOH, Nonterminal, was not found in name map.)
(Residue 52: HOH, Nonterminal, was not found in name map.)
(Residue 53: HOH, Nonterminal, was not found in name map.)
(Residue 54: HOH, Nonterminal, was not found in name map.)
(Residue 55: HOH, Nonterminal, was not found in name map.)
(Residue 56: HOH, Nonterminal, was not found in name map.)
(Residue 57: HOH, Nonterminal, was not found in name map.)
(Residue 58: HOH, Nonterminal, was not found in name map.)
(Residue 59: HOH, Nonterminal, was not found in name map.)
(Residue 60: HOH, Nonterminal, was not found in name map.)
(Residue 61: HOH, Nonterminal, was not found in name map.)
(Residue 62: HOH, Nonterminal, was not found in name map.)
(Residue 63: HOH, Nonterminal, was not found in name map.)
(Residue 64: HOH, Nonterminal, was not found in name map.)
(Residue 65: HOH, Nonterminal, was not found in name map.)
(Residue 66: HOH, Nonterminal, was not found in name map.)
(Residue 67: HOH, Nonterminal, was not found in name map.)
(Residue 68: HOH, Nonterminal, was not found in name map.)
(Residue 69: HOH, Nonterminal, was not found in name map.)
(Residue 70: HOH, Nonterminal, was not found in name map.)
(Residue 71: HOH, Nonterminal, was not found in name map.)
(Residue 72: HOH, Nonterminal, was not found in name map.)
(Residue 73: HOH, Nonterminal, was not found in name map.)
(Residue 74: HOH, Nonterminal, was not found in name map.)
(Residue 75: HOH, Nonterminal, was not found in name map.)
(Residue 76: HOH, Nonterminal, was not found in name map.)
(Residue 77: HOH, Nonterminal, was not found in name map.)
(Residue 78: HOH, Nonterminal, was not found in name map.)
(Residue 79: HOH, Nonterminal, was not found in name map.)
(Residue 80: HOH, Nonterminal, was not found in name map.)
(Residue 81: HOH, Nonterminal, was not found in name map.)
(Residue 82: HOH, Nonterminal, was not found in name map.)
(Residue 83: HOH, Nonterminal, was not found in name map.)
(Residue 84: HOH, Nonterminal, was not found in name map.)
(Residue 85: HOH, Nonterminal, was not found in name map.)
(Residue 86: HOH, Nonterminal, was not found in name map.)
(Residue 87: HOH, Nonterminal, was not found in name map.)
(Residue 88: HOH, Nonterminal, was not found in name map.)
(Residue 89: HOH, Nonterminal, was not found in name map.)
(Residue 90: HOH, Nonterminal, was not found in name map.)
(Residue 91: HOH, Nonterminal, was not found in name map.)
(Residue 92: HOH, Nonterminal, was not found in name map.)
(Residue 93: HOH, Nonterminal, was not found in name map.)
(Residue 94: HOH, Nonterminal, was not found in name map.)
(Residue 95: HOH, Nonterminal, was not found in name map.)
(Residue 96: HOH, Nonterminal, was not found in name map.)
(Residue 97: HOH, Nonterminal, was not found in name map.)
(Residue 98: HOH, Nonterminal, was not found in name map.)
(Residue 99: HOH, Nonterminal, was not found in name map.)
(Residue 100: HOH, Nonterminal, was not found in name map.)
(Residue 101: HOH, Nonterminal, was not found in name map.)
(Residue 102: HOH, Nonterminal, was not found in name map.)
(Residue 103: HOH, Nonterminal, was not found in name map.)
(Residue 104: HOH, Nonterminal, was not found in name map.)
(Residue 105: HOH, Nonterminal, was not found in name map.)
(Residue 106: HOH, Nonterminal, was not found in name map.)
(Residue 107: HOH, Nonterminal, was not found in name map.)
(Residue 108: HOH, Nonterminal, was not found in name map.)
(Residue 109: HOH, Nonterminal, was not found in name map.)
(Residue 110: HOH, Nonterminal, was not found in name map.)
(Residue 111: HOH, Nonterminal, was not found in name map.)
(Residue 112: HOH, Nonterminal, was not found in name map.)
(Residue 113: HOH, Nonterminal, was not found in name map.)
(Residue 114: HOH, Nonterminal, was not found in name map.)
(Residue 115: HOH, Nonterminal, was not found in name map.)
(Residue 116: HOH, Nonterminal, was not found in name map.)
(Residue 117: HOH, Nonterminal, was not found in name map.)
(Residue 118: HOH, Terminal/last, was not found in name map.)
Starting new chain with TP3
Starting new chain with TP3
Starting new chain with TP3
Starting new chain with TP3
Starting new chain with TP3
Starting new chain with TP3
Starting new chain with TP3
Starting new chain with TP3
Starting new chain with TP3
Starting new chain with TP3
Starting new chain with TP3
Starting new chain with TP3
Starting new chain with TP3
Starting new chain with TP3
Starting new chain with TP3
Starting new chain with TP3
Starting new chain with TP3
Starting new chain with TP3
Starting new chain with TP3
Starting new chain with TP3
Starting new chain with TP3
Starting new chain with TP3
Starting new chain with TP3
Starting new chain with TP3
Starting new chain with TP3
Starting new chain with TP3
Starting new chain with TP3
Starting new chain with TP3
Starting new chain with TP3
Starting new chain with TP3
Starting new chain with TP3
Starting new chain with TP3
Starting new chain with TP3
Starting new chain with TP3
Starting new chain with TP3
Starting new chain with TP3
Starting new chain with TP3
Starting new chain with TP3
Starting new chain with TP3
Starting new chain with TP3
Starting new chain with TP3
Starting new chain with TP3
Starting new chain with TP3
Starting new chain with TP3
Starting new chain with TP3
Starting new chain with TP3
Starting new chain with TP3
Starting new chain with TP3
Starting new chain with TP3
Starting new chain with TP3
Starting new chain with TP3
Starting new chain with TP3
Starting new chain with TP3
Starting new chain with TP3
Starting new chain with TP3
Starting new chain with TP3
Starting new chain with TP3
Starting new chain with TP3
Starting new chain with TP3
Starting new chain with TP3
Starting new chain with TP3
Starting new chain with TP3
Starting new chain with TP3
Starting new chain with TP3
Starting new chain with TP3
Starting new chain with TP3
Starting new chain with TP3
Starting new chain with TP3
Starting new chain with TP3
Starting new chain with TP3
Starting new chain with TP3
Starting new chain with TP3
Starting new chain with TP3
Starting new chain with TP3
Starting new chain with TP3
Starting new chain with TP3
Starting new chain with TP3
Starting new chain with TP3
Starting new chain with TP3
Starting new chain with TP3
Starting new chain with TP3
Starting new chain with TP3
Starting new chain with TP3
Starting new chain with TP3
Starting new chain with TP3
Starting new chain with TP3
Starting new chain with TP3
Starting new chain with TP3
Starting new chain with TP3
Starting new chain with TP3
Starting new chain with TP3
Starting new chain with TP3
Starting new chain with TP3
Starting new chain with TP3
Starting new chain with TP3
Starting new chain with TP3
Starting new chain with TP3
Starting new chain with TP3
Starting new chain with TP3
Starting new chain with TP3
Starting new chain with TP3
Starting new chain with TP3
Starting new chain with TP3
Starting new chain with TP3
Starting new chain with TP3
Starting new chain with TP3
Starting new chain with TP3
Starting new chain with TP3
Starting new chain with TP3
Starting new chain with TP3
Starting new chain with TP3
Starting new chain with TP3
Starting new chain with TP3
Starting new chain with TP3
Starting new chain with TP3
Starting new chain with TP3
Starting new chain with TP3
Starting new chain with TP3
  total atoms in file: 119
  total atoms in file: 119
  Leap added 238 missing atoms according to residue templates:
  Leap added 238 missing atoms according to residue templates:
       238 H / lone pairs
       238 H / lone pairs
> complex = combine{com sol}
  Sequence: default_name
  Sequence: default_name
> alignaxes complex
> addions complex Cl- 0.0
addIons: 1st Ion & target are the same charge:
addIons: 1st Ion & target are the same charge:
     can't neutralize.
     can't neutralize.
> addions complex Na+ 0.0
2 Na+ ions required to neutralize.
2 Na+ ions required to neutralize.
Adding 2 counter ions to "complex" using 1A grid
Adding 2 counter ions to "complex" using 1A grid
Total solute charge:  -2.00  Max atom radius:   2.00
Grid extends from solute vdw + 1.87  to  7.87
Grid extends from solute vdw + 1.87  to  7.87
Box:
   enclosing:  -31.77 -44.86 -35.89   30.31 34.58 32.69
   sized:			      96.23 83.14 92.11
   edge:        128.00
Resolution:      1.00 Angstrom.
Resolution:      1.00 Angstrom.
Tree depth: 7
grid build: 0 sec
grid build: 0 sec
Volume =  2.97% of box, grid points 62332
Solvent present: replacing closest with ion
Solvent present: replacing closest with ion
	 when steric overlaps occur
	 when steric overlaps occur
Calculating grid charges
Calculating grid charges
charges: 4 sec
charges: 4 sec
(Replacing solvent molecule)
(Replacing solvent molecule)
Placed Na+ in complex at (-4.58, 10.92, -26.46).
Placed Na+ in complex at (-4.58, 10.92, -26.46).
(No solvent overlap)
(No solvent overlap)
Placed Na+ in complex at (-20.77, 4.14, -1.89).
Placed Na+ in complex at (-20.77, 4.14, -1.89).

Done adding ions.

Done adding ions.
> solvatebox complex TIP3PBOX 14
  Solute vdw bounding box:              49.312 67.843 58.435
  Solute vdw bounding box:              49.312 67.843 58.435
  Total bounding box for atom centers:  77.312 95.843 86.435
  Total bounding box for atom centers:  77.312 95.843 86.435
  Solvent unit box:                     18.774 18.774 18.774
  Solvent unit box:                     18.774 18.774 18.774
The number of boxes:  x= 5  y= 6  z= 5
Adding box at: x=0  y=0  z=0
Center of solvent box is: 37.548698, 46.935873, 37.548698
Adding box at: x=0  y=0  z=1
Center of solvent box is: 37.548698, 46.935873, 18.774349
Adding box at: x=0  y=0  z=2
Center of solvent box is: 37.548698, 46.935873, 0.000000
Adding box at: x=0  y=0  z=3
Center of solvent box is: 37.548698, 46.935873, -18.774349
Adding box at: x=0  y=0  z=4
Center of solvent box is: 37.548698, 46.935873, -37.548698
Adding box at: x=0  y=1  z=0
Center of solvent box is: 37.548698, 28.161524, 37.548698
Adding box at: x=0  y=1  z=1
Center of solvent box is: 37.548698, 28.161524, 18.774349
Adding box at: x=0  y=1  z=2
Center of solvent box is: 37.548698, 28.161524, 0.000000
Adding box at: x=0  y=1  z=3
Center of solvent box is: 37.548698, 28.161524, -18.774349
Adding box at: x=0  y=1  z=4
Center of solvent box is: 37.548698, 28.161524, -37.548698
Adding box at: x=0  y=2  z=0
Center of solvent box is: 37.548698, 9.387175, 37.548698
Adding box at: x=0  y=2  z=1
Center of solvent box is: 37.548698, 9.387175, 18.774349
Adding box at: x=0  y=2  z=2
Center of solvent box is: 37.548698, 9.387175, 0.000000
Adding box at: x=0  y=2  z=3
Center of solvent box is: 37.548698, 9.387175, -18.774349
Adding box at: x=0  y=2  z=4
Center of solvent box is: 37.548698, 9.387175, -37.548698
Adding box at: x=0  y=3  z=0
Center of solvent box is: 37.548698, -9.387175, 37.548698
Adding box at: x=0  y=3  z=1
Center of solvent box is: 37.548698, -9.387175, 18.774349
Adding box at: x=0  y=3  z=2
Center of solvent box is: 37.548698, -9.387175, 0.000000
Adding box at: x=0  y=3  z=3
Center of solvent box is: 37.548698, -9.387175, -18.774349
Adding box at: x=0  y=3  z=4
Center of solvent box is: 37.548698, -9.387175, -37.548698
Adding box at: x=0  y=4  z=0
Center of solvent box is: 37.548698, -28.161524, 37.548698
Adding box at: x=0  y=4  z=1
Center of solvent box is: 37.548698, -28.161524, 18.774349
Adding box at: x=0  y=4  z=2
Center of solvent box is: 37.548698, -28.161524, 0.000000
Adding box at: x=0  y=4  z=3
Center of solvent box is: 37.548698, -28.161524, -18.774349
Adding box at: x=0  y=4  z=4
Center of solvent box is: 37.548698, -28.161524, -37.548698
Adding box at: x=0  y=5  z=0
Center of solvent box is: 37.548698, -46.935873, 37.548698
Adding box at: x=0  y=5  z=1
Center of solvent box is: 37.548698, -46.935873, 18.774349
Adding box at: x=0  y=5  z=2
Center of solvent box is: 37.548698, -46.935873, 0.000000
Adding box at: x=0  y=5  z=3
Center of solvent box is: 37.548698, -46.935873, -18.774349
Adding box at: x=0  y=5  z=4
Center of solvent box is: 37.548698, -46.935873, -37.548698
Adding box at: x=1  y=0  z=0
Center of solvent box is: 18.774349, 46.935873, 37.548698
Adding box at: x=1  y=0  z=1
Center of solvent box is: 18.774349, 46.935873, 18.774349
Adding box at: x=1  y=0  z=2
Center of solvent box is: 18.774349, 46.935873, 0.000000
Adding box at: x=1  y=0  z=3
Center of solvent box is: 18.774349, 46.935873, -18.774349
Adding box at: x=1  y=0  z=4
Center of solvent box is: 18.774349, 46.935873, -37.548698
Adding box at: x=1  y=1  z=0
Center of solvent box is: 18.774349, 28.161524, 37.548698
Adding box at: x=1  y=1  z=1
Center of solvent box is: 18.774349, 28.161524, 18.774349
Adding box at: x=1  y=1  z=2
Center of solvent box is: 18.774349, 28.161524, 0.000000
Adding box at: x=1  y=1  z=3
Center of solvent box is: 18.774349, 28.161524, -18.774349
Adding box at: x=1  y=1  z=4
Center of solvent box is: 18.774349, 28.161524, -37.548698
Adding box at: x=1  y=2  z=0
Center of solvent box is: 18.774349, 9.387175, 37.548698
Adding box at: x=1  y=2  z=1
Center of solvent box is: 18.774349, 9.387175, 18.774349
Adding box at: x=1  y=2  z=2
Center of solvent box is: 18.774349, 9.387175, 0.000000
Adding box at: x=1  y=2  z=3
Center of solvent box is: 18.774349, 9.387175, -18.774349
Adding box at: x=1  y=2  z=4
Center of solvent box is: 18.774349, 9.387175, -37.548698
Adding box at: x=1  y=3  z=0
Center of solvent box is: 18.774349, -9.387175, 37.548698
Adding box at: x=1  y=3  z=1
Center of solvent box is: 18.774349, -9.387175, 18.774349
Adding box at: x=1  y=3  z=2
Center of solvent box is: 18.774349, -9.387175, 0.000000
Adding box at: x=1  y=3  z=3
Center of solvent box is: 18.774349, -9.387175, -18.774349
Adding box at: x=1  y=3  z=4
Center of solvent box is: 18.774349, -9.387175, -37.548698
Adding box at: x=1  y=4  z=0
Center of solvent box is: 18.774349, -28.161524, 37.548698
Adding box at: x=1  y=4  z=1
Center of solvent box is: 18.774349, -28.161524, 18.774349
Adding box at: x=1  y=4  z=2
Center of solvent box is: 18.774349, -28.161524, 0.000000
Adding box at: x=1  y=4  z=3
Center of solvent box is: 18.774349, -28.161524, -18.774349
Adding box at: x=1  y=4  z=4
Center of solvent box is: 18.774349, -28.161524, -37.548698
Adding box at: x=1  y=5  z=0
Center of solvent box is: 18.774349, -46.935873, 37.548698
Adding box at: x=1  y=5  z=1
Center of solvent box is: 18.774349, -46.935873, 18.774349
Adding box at: x=1  y=5  z=2
Center of solvent box is: 18.774349, -46.935873, 0.000000
Adding box at: x=1  y=5  z=3
Center of solvent box is: 18.774349, -46.935873, -18.774349
Adding box at: x=1  y=5  z=4
Center of solvent box is: 18.774349, -46.935873, -37.548698
Adding box at: x=2  y=0  z=0
Center of solvent box is: 0.000000, 46.935873, 37.548698
Adding box at: x=2  y=0  z=1
Center of solvent box is: 0.000000, 46.935873, 18.774349
Adding box at: x=2  y=0  z=2
Center of solvent box is: 0.000000, 46.935873, 0.000000
Adding box at: x=2  y=0  z=3
Center of solvent box is: 0.000000, 46.935873, -18.774349
Adding box at: x=2  y=0  z=4
Center of solvent box is: 0.000000, 46.935873, -37.548698
Adding box at: x=2  y=1  z=0
Center of solvent box is: 0.000000, 28.161524, 37.548698
Adding box at: x=2  y=1  z=1
Center of solvent box is: 0.000000, 28.161524, 18.774349
Adding box at: x=2  y=1  z=2
Center of solvent box is: 0.000000, 28.161524, 0.000000
Adding box at: x=2  y=1  z=3
Center of solvent box is: 0.000000, 28.161524, -18.774349
Adding box at: x=2  y=1  z=4
Center of solvent box is: 0.000000, 28.161524, -37.548698
Adding box at: x=2  y=2  z=0
Center of solvent box is: 0.000000, 9.387175, 37.548698
Adding box at: x=2  y=2  z=1
Center of solvent box is: 0.000000, 9.387175, 18.774349
Adding box at: x=2  y=2  z=2
Center of solvent box is: 0.000000, 9.387175, 0.000000
Adding box at: x=2  y=2  z=3
Center of solvent box is: 0.000000, 9.387175, -18.774349
Adding box at: x=2  y=2  z=4
Center of solvent box is: 0.000000, 9.387175, -37.548698
Adding box at: x=2  y=3  z=0
Center of solvent box is: 0.000000, -9.387175, 37.548698
Adding box at: x=2  y=3  z=1
Center of solvent box is: 0.000000, -9.387175, 18.774349
Adding box at: x=2  y=3  z=2
Center of solvent box is: 0.000000, -9.387175, 0.000000
Adding box at: x=2  y=3  z=3
Center of solvent box is: 0.000000, -9.387175, -18.774349
Adding box at: x=2  y=3  z=4
Center of solvent box is: 0.000000, -9.387175, -37.548698
Adding box at: x=2  y=4  z=0
Center of solvent box is: 0.000000, -28.161524, 37.548698
Adding box at: x=2  y=4  z=1
Center of solvent box is: 0.000000, -28.161524, 18.774349
Adding box at: x=2  y=4  z=2
Center of solvent box is: 0.000000, -28.161524, 0.000000
Adding box at: x=2  y=4  z=3
Center of solvent box is: 0.000000, -28.161524, -18.774349
Adding box at: x=2  y=4  z=4
Center of solvent box is: 0.000000, -28.161524, -37.548698
Adding box at: x=2  y=5  z=0
Center of solvent box is: 0.000000, -46.935873, 37.548698
Adding box at: x=2  y=5  z=1
Center of solvent box is: 0.000000, -46.935873, 18.774349
Adding box at: x=2  y=5  z=2
Center of solvent box is: 0.000000, -46.935873, 0.000000
Adding box at: x=2  y=5  z=3
Center of solvent box is: 0.000000, -46.935873, -18.774349
Adding box at: x=2  y=5  z=4
Center of solvent box is: 0.000000, -46.935873, -37.548698
Adding box at: x=3  y=0  z=0
Center of solvent box is: -18.774349, 46.935873, 37.548698
Adding box at: x=3  y=0  z=1
Center of solvent box is: -18.774349, 46.935873, 18.774349
Adding box at: x=3  y=0  z=2
Center of solvent box is: -18.774349, 46.935873, 0.000000
Adding box at: x=3  y=0  z=3
Center of solvent box is: -18.774349, 46.935873, -18.774349
Adding box at: x=3  y=0  z=4
Center of solvent box is: -18.774349, 46.935873, -37.548698
Adding box at: x=3  y=1  z=0
Center of solvent box is: -18.774349, 28.161524, 37.548698
Adding box at: x=3  y=1  z=1
Center of solvent box is: -18.774349, 28.161524, 18.774349
Adding box at: x=3  y=1  z=2
Center of solvent box is: -18.774349, 28.161524, 0.000000
Adding box at: x=3  y=1  z=3
Center of solvent box is: -18.774349, 28.161524, -18.774349
Adding box at: x=3  y=1  z=4
Center of solvent box is: -18.774349, 28.161524, -37.548698
Adding box at: x=3  y=2  z=0
Center of solvent box is: -18.774349, 9.387175, 37.548698
Adding box at: x=3  y=2  z=1
Center of solvent box is: -18.774349, 9.387175, 18.774349
Adding box at: x=3  y=2  z=2
Center of solvent box is: -18.774349, 9.387175, 0.000000
Adding box at: x=3  y=2  z=3
Center of solvent box is: -18.774349, 9.387175, -18.774349
Adding box at: x=3  y=2  z=4
Center of solvent box is: -18.774349, 9.387175, -37.548698
Adding box at: x=3  y=3  z=0
Center of solvent box is: -18.774349, -9.387175, 37.548698
Adding box at: x=3  y=3  z=1
Center of solvent box is: -18.774349, -9.387175, 18.774349
Adding box at: x=3  y=3  z=2
Center of solvent box is: -18.774349, -9.387175, 0.000000
Adding box at: x=3  y=3  z=3
Center of solvent box is: -18.774349, -9.387175, -18.774349
Adding box at: x=3  y=3  z=4
Center of solvent box is: -18.774349, -9.387175, -37.548698
Adding box at: x=3  y=4  z=0
Center of solvent box is: -18.774349, -28.161524, 37.548698
Adding box at: x=3  y=4  z=1
Center of solvent box is: -18.774349, -28.161524, 18.774349
Adding box at: x=3  y=4  z=2
Center of solvent box is: -18.774349, -28.161524, 0.000000
Adding box at: x=3  y=4  z=3
Center of solvent box is: -18.774349, -28.161524, -18.774349
Adding box at: x=3  y=4  z=4
Center of solvent box is: -18.774349, -28.161524, -37.548698
Adding box at: x=3  y=5  z=0
Center of solvent box is: -18.774349, -46.935873, 37.548698
Adding box at: x=3  y=5  z=1
Center of solvent box is: -18.774349, -46.935873, 18.774349
Adding box at: x=3  y=5  z=2
Center of solvent box is: -18.774349, -46.935873, 0.000000
Adding box at: x=3  y=5  z=3
Center of solvent box is: -18.774349, -46.935873, -18.774349
Adding box at: x=3  y=5  z=4
Center of solvent box is: -18.774349, -46.935873, -37.548698
Adding box at: x=4  y=0  z=0
Center of solvent box is: -37.548698, 46.935873, 37.548698
Adding box at: x=4  y=0  z=1
Center of solvent box is: -37.548698, 46.935873, 18.774349
Adding box at: x=4  y=0  z=2
Center of solvent box is: -37.548698, 46.935873, 0.000000
Adding box at: x=4  y=0  z=3
Center of solvent box is: -37.548698, 46.935873, -18.774349
Adding box at: x=4  y=0  z=4
Center of solvent box is: -37.548698, 46.935873, -37.548698
Adding box at: x=4  y=1  z=0
Center of solvent box is: -37.548698, 28.161524, 37.548698
Adding box at: x=4  y=1  z=1
Center of solvent box is: -37.548698, 28.161524, 18.774349
Adding box at: x=4  y=1  z=2
Center of solvent box is: -37.548698, 28.161524, 0.000000
Adding box at: x=4  y=1  z=3
Center of solvent box is: -37.548698, 28.161524, -18.774349
Adding box at: x=4  y=1  z=4
Center of solvent box is: -37.548698, 28.161524, -37.548698
Adding box at: x=4  y=2  z=0
Center of solvent box is: -37.548698, 9.387175, 37.548698
Adding box at: x=4  y=2  z=1
Center of solvent box is: -37.548698, 9.387175, 18.774349
Adding box at: x=4  y=2  z=2
Center of solvent box is: -37.548698, 9.387175, 0.000000
Adding box at: x=4  y=2  z=3
Center of solvent box is: -37.548698, 9.387175, -18.774349
Adding box at: x=4  y=2  z=4
Center of solvent box is: -37.548698, 9.387175, -37.548698
Adding box at: x=4  y=3  z=0
Center of solvent box is: -37.548698, -9.387175, 37.548698
Adding box at: x=4  y=3  z=1
Center of solvent box is: -37.548698, -9.387175, 18.774349
Adding box at: x=4  y=3  z=2
Center of solvent box is: -37.548698, -9.387175, 0.000000
Adding box at: x=4  y=3  z=3
Center of solvent box is: -37.548698, -9.387175, -18.774349
Adding box at: x=4  y=3  z=4
Center of solvent box is: -37.548698, -9.387175, -37.548698
Adding box at: x=4  y=4  z=0
Center of solvent box is: -37.548698, -28.161524, 37.548698
Adding box at: x=4  y=4  z=1
Center of solvent box is: -37.548698, -28.161524, 18.774349
Adding box at: x=4  y=4  z=2
Center of solvent box is: -37.548698, -28.161524, 0.000000
Adding box at: x=4  y=4  z=3
Center of solvent box is: -37.548698, -28.161524, -18.774349
Adding box at: x=4  y=4  z=4
Center of solvent box is: -37.548698, -28.161524, -37.548698
Adding box at: x=4  y=5  z=0
Center of solvent box is: -37.548698, -46.935873, 37.548698
Adding box at: x=4  y=5  z=1
Center of solvent box is: -37.548698, -46.935873, 18.774349
Adding box at: x=4  y=5  z=2
Center of solvent box is: -37.548698, -46.935873, 0.000000
Adding box at: x=4  y=5  z=3
Center of solvent box is: -37.548698, -46.935873, -18.774349
Adding box at: x=4  y=5  z=4
Center of solvent box is: -37.548698, -46.935873, -37.548698
  Total vdw box size:                   79.661 98.943 89.475 angstroms.
  Total vdw box size:                   79.661 98.943 89.475 angstroms.
  Volume: 705240.985 A^3 
  Volume: 705240.985 A^3 
  Total mass 355389.266 amu,  Density 0.837 g/cc
  Total mass 355389.266 amu,  Density 0.837 g/cc
  Added 17749 residues.
  Added 17749 residues.
> savepdb complex complex.pdb
Writing pdb file: complex.pdb
Writing pdb file: complex.pdb
 Converting N-terminal residue name to PDB format: NTHR -> THR
 Converting N-terminal residue name to PDB format: NTHR -> THR
 Converting C-terminal residue name to PDB format: CARG -> ARG
 Converting C-terminal residue name to PDB format: CARG -> ARG
> saveamberparm complex complex.top complex.crd
Checking Unit.
Checking Unit.
Building topology.
Building topology.
Building atom parameters.
Building atom parameters.
Building bond parameters.
Building bond parameters.
Building angle parameters.
Building angle parameters.
Building proper torsion parameters.
Building proper torsion parameters.
Building improper torsion parameters.
Building improper torsion parameters.
 ** Warning: No sp2 improper torsion term for  C*-CN-CB-CA
        atoms are: CG CE2 CD2 CE3
 ** Warning: No sp2 improper torsion term for  NA-CA-CN-CB
        atoms are: NE1 CZ2 CE2 CD2
 ** Warning: No sp2 improper torsion term for  C*-CN-CB-CA
        atoms are: CG CE2 CD2 CE3
 ** Warning: No sp2 improper torsion term for  NA-CA-CN-CB
        atoms are: NE1 CZ2 CE2 CD2
 ** Warning: No sp2 improper torsion term for  C*-CN-CB-CA
        atoms are: CG CE2 CD2 CE3
 ** Warning: No sp2 improper torsion term for  NA-CA-CN-CB
        atoms are: NE1 CZ2 CE2 CD2
 ** Warning: No sp2 improper torsion term for  C*-CN-CB-CA
        atoms are: CG CE2 CD2 CE3
 ** Warning: No sp2 improper torsion term for  NA-CA-CN-CB
        atoms are: NE1 CZ2 CE2 CD2
old PREP-specified impropers:
old PREP-specified impropers:
 <L01 1178>:  C20  N17  C18  O19 
 <L01 1178>:  C20  N17  C18  O19 
 <L01 1178>:  C18  C15  N17  HN17
 <L01 1178>:  C18  C15  N17  HN17
 <L01 1178>:  C16  N17  C15  N14 
 <L01 1178>:  C16  N17  C15  N14 
 <L01 1178>:  C15  C11  C16  H16 
 <L01 1178>:  C15  C11  C16  H16 
 <L01 1178>:  C12  H13  C13  N14 
 <L01 1178>:  C12  H13  C13  N14 
 <L01 1178>:  C13  C11  C12  H12 
 <L01 1178>:  C13  C11  C12  H12 
 <L01 1178>:  C16  C12  C11  N10 
 <L01 1178>:  C16  C12  C11  N10 
 <L01 1178>:  C8   C11  N10  HN10
 <L01 1178>:  C8   C11  N10  HN10
 <L01 1178>:  C4   N10  C8   O9  
 <L01 1178>:  C4   N10  C8   O9  
 <L01 1178>:  C8   C3   C4   C5  
 <L01 1178>:  C8   C3   C4   C5  
 <L01 1178>:  C4   C2   C3   CL2 
 <L01 1178>:  C4   C2   C3   CL2 
 <L01 1178>:  C3   C1   C2   H2  
 <L01 1178>:  C3   C1   C2   H2  
 <L01 1178>:  C2   C6   C1   H1  
 <L01 1178>:  C2   C6   C1   H1  
 <L01 1178>:  C1   C5   C6   H6  
 <L01 1178>:  C1   C5   C6   H6  
 <L01 1178>:  C4   C6   C5   CL1 
 <L01 1178>:  C4   C6   C5   CL1 
 total 975 improper torsions applied
 total 975 improper torsions applied
 15 improper torsions in old prep form
 15 improper torsions in old prep form
Building H-Bond parameters.
Building H-Bond parameters.
Incorporating Non-Bonded adjustments.
Incorporating Non-Bonded adjustments.
Not Marking per-residue atom chain types.
Not Marking per-residue atom chain types.
Marking per-residue atom chain types.
Marking per-residue atom chain types.
  (Residues lacking connect0/connect1 - 
  (Residues lacking connect0/connect1 - 
   these don't have chain types marked:

   these don't have chain types marked:

	res	total affected

	res	total affected

	CARG	1
	CARG	1
	NTHR	1
	NTHR	1
	WAT	17867
	WAT	17867
  )
  )
 (no restraints)
 (no restraints)
> quit
	Quit
	Quit
