-I: Adding /home/dnanexus/amber14/dat/leap/prep to search path.
-I: Adding /home/dnanexus/amber14/dat/leap/lib to search path.
-I: Adding /home/dnanexus/amber14/dat/leap/parm to search path.
-I: Adding /home/dnanexus/amber14/dat/leap/cmd to search path.
-s: Ignoring startup file: leaprc
-f: Source /home/dnanexus/output/default/egfr/com/drug/l01/tyk2-l01/build/mmpbsa_leap.in.

Welcome to LEaP!
Sourcing: /home/dnanexus/output/default/egfr/com/drug/l01/tyk2-l01/build/mmpbsa_leap.in
----- Source: /home/dnanexus/amber14/dat/leap/cmd/oldff/leaprc.ff99SBildn
----- Source of /home/dnanexus/amber14/dat/leap/cmd/oldff/leaprc.ff99SBildn done
Log file: ./leap.log
Loading parameters: /home/dnanexus/amber14/dat/leap/parm/parm99.dat
Reading title:
PARM99 for DNA,RNA,AA, organic molecules, TIP3P wat. Polariz.& LP incl.02/04/99
Loading parameters: /home/dnanexus/amber14/dat/leap/parm/frcmod.ff99SBildn
Reading force field modification type file (frcmod)
Reading title:
Modification/update of parm99.dat (Hornak & Simmerling) + ILDN corrections
Loading library: /home/dnanexus/amber14/dat/leap/lib/all_nucleic94.lib
Loading library: /home/dnanexus/amber14/dat/leap/lib/all_amino94ildn.lib
Loading library: /home/dnanexus/amber14/dat/leap/lib/all_aminoct94ildn.lib
Loading library: /home/dnanexus/amber14/dat/leap/lib/all_aminont94ildn.lib
Loading library: /home/dnanexus/amber14/dat/leap/lib/ions94.lib
Loading library: /home/dnanexus/amber14/dat/leap/lib/solvents.lib
----- Source: /home/dnanexus/amber14/dat/leap/cmd/leaprc.gaff
----- Source of /home/dnanexus/amber14/dat/leap/cmd/leaprc.gaff done
Log file: ./leap.log
Loading parameters: /home/dnanexus/amber14/dat/leap/parm/gaff.dat
Reading title:
AMBER General Force Field for organic molecules (Version 1.7, Nov 2013)
Loading parameters: /home/dnanexus/output/system_descriptions/default/drugs_par/egfr/resp/l01/l01.frcmod
Reading force field modification type file (frcmod)
Reading title:
remark goes here
Loading Prep file: /home/dnanexus/output/system_descriptions/default/drugs_par/egfr/resp/l01/l01.prep
Loading PDB file: /home/dnanexus/output/default/egfr/com/drug/l01/tyk2-l01/build/lig.pdb
  total atoms in file: 32
Checking Unit.
Building topology.
Building atom parameters.
Building bond parameters.
Building angle parameters.
Building proper torsion parameters.
Building improper torsion parameters.
old PREP-specified impropers:
 <L01 289>:  C20  N17  C18  O19 
 <L01 289>:  C18  C15  N17  HN17
 <L01 289>:  C16  N17  C15  N14 
 <L01 289>:  C15  C11  C16  H16 
 <L01 289>:  C12  H13  C13  N14 
 <L01 289>:  C13  C11  C12  H12 
 <L01 289>:  C16  C12  C11  N10 
 <L01 289>:  C8   C11  N10  HN10
 <L01 289>:  C4   N10  C8   O9  
 <L01 289>:  C8   C3   C4   C5  
 <L01 289>:  C4   C2   C3   CL2 
 <L01 289>:  C3   C1   C2   H2  
 <L01 289>:  C2   C6   C1   H1  
 <L01 289>:  C1   C5   C6   H6  
 <L01 289>:  C4   C6   C5   CL1 
 total 15 improper torsions applied
 15 improper torsions in old prep form
Building H-Bond parameters.
Incorporating Non-Bonded adjustments.
Not Marking per-residue atom chain types.
Marking per-residue atom chain types.
 (no restraints)
Loading PDB file: /home/dnanexus/output/default/egfr/com/drug/l01/tyk2-l01/build/rec.pdb
  total atoms in file: 4643
Checking Unit.
WARNING: The unperturbed charge of the unit: -2.000000 is not zero.

 -- ignoring the warning.

Building topology.
Building atom parameters.
Building bond parameters.
Building angle parameters.
Building proper torsion parameters.
Building improper torsion parameters.
 total 960 improper torsions applied
Building H-Bond parameters.
Incorporating Non-Bonded adjustments.
Not Marking per-residue atom chain types.
Marking per-residue atom chain types.
  (Residues lacking connect0/connect1 - 
   these don't have chain types marked:

	res	total affected

	CARG	1
	NTHR	1
  )
 (no restraints)
Loading PDB file: /home/dnanexus/output/default/egfr/com/drug/l01/tyk2-l01/build/com.pdb
  total atoms in file: 4675
Checking Unit.
WARNING: The unperturbed charge of the unit: -2.000001 is not zero.

 -- ignoring the warning.

Building topology.
Building atom parameters.
Building bond parameters.
Building angle parameters.
Building proper torsion parameters.
Building improper torsion parameters.
old PREP-specified impropers:
 <L01 289>:  C20  N17  C18  O19 
 <L01 289>:  C18  C15  N17  HN17
 <L01 289>:  C16  N17  C15  N14 
 <L01 289>:  C15  C11  C16  H16 
 <L01 289>:  C12  H13  C13  N14 
 <L01 289>:  C13  C11  C12  H12 
 <L01 289>:  C16  C12  C11  N10 
 <L01 289>:  C8   C11  N10  HN10
 <L01 289>:  C4   N10  C8   O9  
 <L01 289>:  C8   C3   C4   C5  
 <L01 289>:  C4   C2   C3   CL2 
 <L01 289>:  C3   C1   C2   H2  
 <L01 289>:  C2   C6   C1   H1  
 <L01 289>:  C1   C5   C6   H6  
 <L01 289>:  C4   C6   C5   CL1 
 total 975 improper torsions applied
 15 improper torsions in old prep form
Building H-Bond parameters.
Incorporating Non-Bonded adjustments.
Not Marking per-residue atom chain types.
Marking per-residue atom chain types.
  (Residues lacking connect0/connect1 - 
   these don't have chain types marked:

	res	total affected

	CARG	1
	NTHR	1
  )
 (no restraints)
	Quit
