Info) VMD for LINUXAMD64, version 1.9.2 (December 29, 2014)
Info) http://www.ks.uiuc.edu/Research/vmd/                         
Info) Email questions and bug reports to vmd@ks.uiuc.edu           
Info) Please include this reference in published work using VMD:   
Info)    Humphrey, W., Dalke, A. and Schulten, K., `VMD - Visual   
Info)    Molecular Dynamics', J. Molec. Graphics 1996, 14.1, 33-38.
Info) -------------------------------------------------------------
Info) Multithreading available, 4 CPUs detected.
Info) Free system memory: 6657MB (88%)
Info) Dynamically loaded 2 plugins in directory:
Info) /home/dnanexus/vmd/plugins/LINUXAMD64/molfile
Info) Using plugin pdb for structure file /home/dnanexus/output/default/egfr/com/drug/l01/tyk2-l01/build/complex.pdb
Info) Using plugin pdb for coordinates from file /home/dnanexus/output/default/egfr/com/drug/l01/tyk2-l01/build/complex.pdb
Info) Determining bond structure from distance search ...
Info) Finished with coordinate file /home/dnanexus/output/default/egfr/com/drug/l01/tyk2-l01/build/complex.pdb.
Info) Analyzing structure ...
Info)    Atoms: 58278
Info)    Bonds: 40472
Info)    Angles: 0  Dihedrals: 0  Impropers: 0  Cross-terms: 0
Info)    Bondtypes: 0  Angletypes: 0  Dihedraltypes: 0  Impropertypes: 0
Info)    Residues: 18158
Info)    Waters: 17867
Info)    Segments: 1
Info)    Fragments: 17871   Protein: 1   Nucleic: 0
0
atomselect0
file4
{-38.750999450683594 -48.05799865722656 -43.38600158691406} {38.334999084472656 47.702999114990234 42.96900177001953}
77.08599853515625 95.7609977722168 86.3550033569336
-0.14326158165931702 -0.22705607116222382 -0.2241988331079483
atomselect1
atomselect2
Info) Opened coordinate file /home/dnanexus/output/default/egfr/com/drug/l01/tyk2-l01/constraint/f4.pdb for writing.
Info) Finished with coordinate file /home/dnanexus/output/default/egfr/com/drug/l01/tyk2-l01/constraint/f4.pdb.
Info) VMD for LINUXAMD64, version 1.9.2 (December 29, 2014)
Info) Exiting normally.
vmd > 